Using pre-set license
Built from '2022.1/staging' branch; Version is '2022.1.16f1 (7321c9670bc2) revision 7545289'; Using compiler version '192829333'; Build Type 'Release'
OS: 'Windows 10  (10.0.19045) 64bit Professional' Language: 'en' Physical Memory: 32693 MB
BatchMode: 1, IsHumanControllingUs: 0, StartBugReporterOnCrash: 0, Is64bit: 1, IsPro: 1

COMMAND LINE ARGUMENTS:
C:\Program Files\Unity 2022.1.16f1\Editor\Unity.exe
-adb2
-batchMode
-noUpm
-name
AssetImportWorker2
-projectPath
C:/3DGame/RPG3
-logFile
Logs/AssetImportWorker2.log
-srvPort
64655
Successfully changed project path to: C:/3DGame/RPG3
C:/3DGame/RPG3
[UnityMemory] Configuration Parameters - Can be set up in boot.config
    "memorysetup-bucket-allocator-granularity=16"
    "memorysetup-bucket-allocator-bucket-count=8"
    "memorysetup-bucket-allocator-block-size=33554432"
    "memorysetup-bucket-allocator-block-count=8"
    "memorysetup-main-allocator-block-size=16777216"
    "memorysetup-thread-allocator-block-size=16777216"
    "memorysetup-gfx-main-allocator-block-size=16777216"
    "memorysetup-gfx-thread-allocator-block-size=16777216"
    "memorysetup-cache-allocator-block-size=4194304"
    "memorysetup-typetree-allocator-block-size=2097152"
    "memorysetup-profiler-bucket-allocator-granularity=16"
    "memorysetup-profiler-bucket-allocator-bucket-count=8"
    "memorysetup-profiler-bucket-allocator-block-size=33554432"
    "memorysetup-profiler-bucket-allocator-block-count=8"
    "memorysetup-profiler-allocator-block-size=16777216"
    "memorysetup-profiler-editor-allocator-block-size=1048576"
    "memorysetup-temp-allocator-size-main=16777216"
    "memorysetup-job-temp-allocator-block-size=2097152"
    "memorysetup-job-temp-allocator-block-size-background=1048576"
    "memorysetup-job-temp-allocator-reduction-small-platforms=262144"
    "memorysetup-temp-allocator-size-background-worker=32768"
    "memorysetup-temp-allocator-size-job-worker=262144"
    "memorysetup-temp-allocator-size-preload-manager=33554432"
    "memorysetup-temp-allocator-size-nav-mesh-worker=65536"
    "memorysetup-temp-allocator-size-audio-worker=65536"
    "memorysetup-temp-allocator-size-cloud-worker=32768"
    "memorysetup-temp-allocator-size-gi-baking-worker=262144"
    "memorysetup-temp-allocator-size-gfx=262144"
Refreshing native plugins compatible for Editor in 34.03 ms, found 2 plugins.
Preloading 0 native plugins for Editor in 0.00 ms.
Initialize engine version: 2022.1.16f1 (7321c9670bc2)
[Subsystems] Discovering subsystems at path C:/Program Files/Unity 2022.1.16f1/Editor/Data/Resources/UnitySubsystems
[Subsystems] Discovering subsystems at path C:/3DGame/RPG3/Assets
GfxDevice: creating device client; threaded=0; jobified=0
Direct3D:
    Version:  Direct3D 11.0 [level 11.1]
    Renderer: NVIDIA GeForce GTX 1070 Ti (ID=0x1b82)
    Vendor:   NVIDIA
    VRAM:     8073 MB
    Driver:   31.0.15.4617
Initialize mono
Mono path[0] = 'C:/Program Files/Unity 2022.1.16f1/Editor/Data/Managed'
Mono path[1] = 'C:/Program Files/Unity 2022.1.16f1/Editor/Data/MonoBleedingEdge/lib/mono/unityjit-win32'
Mono config path = 'C:/Program Files/Unity 2022.1.16f1/Editor/Data/MonoBleedingEdge/etc'
Using monoOptions --debugger-agent=transport=dt_socket,embedding=1,server=y,suspend=n,address=127.0.0.1:56796
Begin MonoManager ReloadAssembly
Registering precompiled unity dll's ...
Register platform support module: C:/Program Files/Unity 2022.1.16f1/Editor/Data/PlaybackEngines/WebGLSupport/UnityEditor.WebGL.Extensions.dll
Register platform support module: C:/Program Files/Unity 2022.1.16f1/Editor/Data/PlaybackEngines/WindowsStandaloneSupport/UnityEditor.WindowsStandalone.Extensions.dll
Registered in 0.006861 seconds.
Native extension for WindowsStandalone target not found
Native extension for WebGL target not found
Refreshing native plugins compatible for Editor in 33.97 ms, found 2 plugins.
Preloading 0 native plugins for Editor in 0.00 ms.
Mono: successfully reloaded assembly
- Completed reload, in  0.572 seconds
Domain Reload Profiling:
	ReloadAssembly (573ms)
		BeginReloadAssembly (75ms)
			ExecutionOrderSort (0ms)
			DisableScriptedObjects (0ms)
			BackupInstance (0ms)
			ReleaseScriptingObjects (0ms)
			CreateAndSetChildDomain (1ms)
		EndReloadAssembly (391ms)
			LoadAssemblies (71ms)
			RebuildTransferFunctionScriptingTraits (0ms)
			SetupTypeCache (103ms)
				TypeCache.Initialize (103ms)
					TypeCache.ScanAssembly (101ms)
				ResolveRequiredComponents (0ms)
			ReleaseScriptCaches (0ms)
			RebuildScriptCaches (25ms)
			SetupLoadedEditorAssemblies (211ms)
				LogAssemblyErrors (0ms)
				InitializePlatformSupportModulesInManaged (8ms)
				SetLoadedEditorAssemblies (6ms)
				RefreshPlugins (34ms)
				BeforeProcessingInitializeOnLoad (1ms)
				ProcessInitializeOnLoadAttributes (117ms)
				ProcessInitializeOnLoadMethodAttributes (43ms)
				AfterProcessingInitializeOnLoad (0ms)
				EditorAssembliesLoaded (0ms)
			ExecutionOrderSort2 (0ms)
			AwakeInstancesAfterBackupRestoration (0ms)
Platform modules already initialized, skipping
Registering precompiled user dll's ...
Registered in 0.007057 seconds.
Begin MonoManager ReloadAssembly
Native extension for WindowsStandalone target not found
Native extension for WebGL target not found
Refreshing native plugins compatible for Editor in 0.51 ms, found 2 plugins.
Preloading 0 native plugins for Editor in 0.00 ms.
Mono: successfully reloaded assembly
- Completed reload, in  0.894 seconds
Domain Reload Profiling:
	ReloadAssembly (895ms)
		BeginReloadAssembly (111ms)
			ExecutionOrderSort (0ms)
			DisableScriptedObjects (4ms)
			BackupInstance (0ms)
			ReleaseScriptingObjects (0ms)
			CreateAndSetChildDomain (20ms)
		EndReloadAssembly (671ms)
			LoadAssemblies (78ms)
			RebuildTransferFunctionScriptingTraits (0ms)
			SetupTypeCache (198ms)
				TypeCache.Initialize (195ms)
					TypeCache.ScanAssembly (190ms)
				ResolveRequiredComponents (3ms)
			ReleaseScriptCaches (1ms)
			RebuildScriptCaches (40ms)
			SetupLoadedEditorAssemblies (305ms)
				LogAssemblyErrors (0ms)
				InitializePlatformSupportModulesInManaged (6ms)
				SetLoadedEditorAssemblies (6ms)
				RefreshPlugins (1ms)
				BeforeProcessingInitializeOnLoad (60ms)
				ProcessInitializeOnLoadAttributes (199ms)
				ProcessInitializeOnLoadMethodAttributes (23ms)
				AfterProcessingInitializeOnLoad (12ms)
				EditorAssembliesLoaded (0ms)
			ExecutionOrderSort2 (0ms)
			AwakeInstancesAfterBackupRestoration (10ms)
Platform modules already initialized, skipping
========================================================================
Worker process is ready to serve import requests
Launched and connected shader compiler UnityShaderCompiler.exe after 0.04 seconds
Refreshing native plugins compatible for Editor in 0.52 ms, found 2 plugins.
Preloading 0 native plugins for Editor in 0.00 ms.
Unloading 1886 Unused Serialized files (Serialized files now loaded: 0)
Unloading 21 unused Assets / (58.5 KB). Loaded Objects now: 2352.
Memory consumption went from 311.1 MB to 311.1 MB.
Total: 2.689200 ms (FindLiveObjects: 0.182700 ms CreateObjectMapping: 0.052700 ms MarkObjects: 2.361700 ms  DeleteObjects: 0.091100 ms)

AssetImportParameters requested are different than current active one (requested -> active):
  custom:video-decoder-ogg-theora: a1e56fd34408186e4bbccfd4996cb3dc -> 
  custom:container-muxer-webm: aa71ff27fc2769a1b78a27578f13a17b -> 
  custom:container-demuxer-webm: 4f35f7cbe854078d1ac9338744f61a02 -> 
  custom:video-encoder-webm-vp8: eb34c28f22e8b96e1ab97ce403110664 -> 
  custom:audio-encoder-webm-vorbis: bf7c407c2cedff20999df2af8eb42d56 -> 
  custom:framework-win-MediaFoundation: 216162199b28c13a410421893ffa2e32 -> 
  custom:container-demuxer-ogg: 62fdf1f143b41e24485cea50d1cbac27 -> 
  custom:video-decoder-webm-vp8: 9c59270c3fd7afecdb556c50c9e8de78 -> 
  custom:audio-decoder-ogg-vorbis: bf7c407c2cedff20999df2af8eb42d56 -> 
========================================================================
Received Import Request.
  Time since last request: 660992.905391 seconds.
  path: Assets/RPGMonsterBuddiesPBRPA/Prefab
  artifactKey: Guid(ebb3d47fcd6844d6aa2b6d146cb8de67) Importer(815301076,1909f56bfc062723c751e8b465ee728b)
Start importing Assets/RPGMonsterBuddiesPBRPA/Prefab using Guid(ebb3d47fcd6844d6aa2b6d146cb8de67) Importer(815301076,1909f56bfc062723c751e8b465ee728b)  -> (artifact id: 'dc2f64c5d08c896c7a1f462f4a85763d') in 0.004524 seconds 
========================================================================
Received Import Request.
  Time since last request: 0.100033 seconds.
  path: Assets/RPGMonsterBuddiesPBRPA/Prefab/CactusPA.prefab
  artifactKey: Guid(dcc982307a817354fafb192abcd9b917) Importer(815301076,1909f56bfc062723c751e8b465ee728b)
Start importing Assets/RPGMonsterBuddiesPBRPA/Prefab/CactusPA.prefab using Guid(dcc982307a817354fafb192abcd9b917) Importer(815301076,1909f56bfc062723c751e8b465ee728b)  -> (artifact id: 'dca96e5630c76aeb51c902683fc3c266') in 0.142884 seconds 
========================================================================
Received Import Request.
  Time since last request: 15.651044 seconds.
  path: Assets/RPG Monster DUO PBR Polyart/Animations/TurtleShell/SenseSomethingRT_TurtleShell_Anim.fbx
  artifactKey: Guid(25c79772d5ff4896b07d0ddbcb0c9cd8) Importer(815301076,1909f56bfc062723c751e8b465ee728b)
Start importing Assets/RPG Monster DUO PBR Polyart/Animations/TurtleShell/SenseSomethingRT_TurtleShell_Anim.fbx using Guid(25c79772d5ff4896b07d0ddbcb0c9cd8) Importer(815301076,1909f56bfc062723c751e8b465ee728b)  -> (artifact id: '39e0ae2df830422b30d8f8dc31301b02') in 0.056466 seconds 
========================================================================
Received Import Request.
  Time since last request: 1.219342 seconds.
  path: Assets/RPG Monster DUO PBR Polyart/Animations/TurtleShell/WalkRight_TurtleShell_Anim.fbx
  artifactKey: Guid(34ddd76623304506b7d52b3d17924e87) Importer(815301076,1909f56bfc062723c751e8b465ee728b)
Start importing Assets/RPG Monster DUO PBR Polyart/Animations/TurtleShell/WalkRight_TurtleShell_Anim.fbx using Guid(34ddd76623304506b7d52b3d17924e87) Importer(815301076,1909f56bfc062723c751e8b465ee728b)  -> (artifact id: '1cd1644e375e88404325d88a51d24d7d') in 0.023965 seconds 
========================================================================
Received Import Request.
  Time since last request: 0.017267 seconds.
  path: Assets/RPG Monster DUO PBR Polyart/Animations/TurtleShell/WalkBack_TurtleShell_Anim.fbx
  artifactKey: Guid(287406e12d1c4a1fad3c4e7ee6674ef0) Importer(815301076,1909f56bfc062723c751e8b465ee728b)
Start importing Assets/RPG Monster DUO PBR Polyart/Animations/TurtleShell/WalkBack_TurtleShell_Anim.fbx using Guid(287406e12d1c4a1fad3c4e7ee6674ef0) Importer(815301076,1909f56bfc062723c751e8b465ee728b)  -> (artifact id: 'da339ca66c51a3c83d170ac7a844a29e') in 0.023353 seconds 
========================================================================
Received Import Request.
  Time since last request: 0.000027 seconds.
  path: Assets/RPG Monster DUO PBR Polyart/Animations/TurtleShell/Walk_TurtleShell_Anim.fbx
  artifactKey: Guid(70329e6db728412fb2a6e0371aaaa001) Importer(815301076,1909f56bfc062723c751e8b465ee728b)
Start importing Assets/RPG Monster DUO PBR Polyart/Animations/TurtleShell/Walk_TurtleShell_Anim.fbx using Guid(70329e6db728412fb2a6e0371aaaa001) Importer(815301076,1909f56bfc062723c751e8b465ee728b)  -> (artifact id: 'a2028eebc17e5398ba78e9cdbe31979b') in 0.022741 seconds 
========================================================================
Received Import Request.
  Time since last request: 0.218451 seconds.
  path: Assets/RPG Monster DUO PBR Polyart/Animations/TurtleShell/Victory_TurtleShell_Anim.fbx
  artifactKey: Guid(e80217b862954c6fb42b39ddd149cf64) Importer(815301076,1909f56bfc062723c751e8b465ee728b)
Start importing Assets/RPG Monster DUO PBR Polyart/Animations/TurtleShell/Victory_TurtleShell_Anim.fbx using Guid(e80217b862954c6fb42b39ddd149cf64) Importer(815301076,1909f56bfc062723c751e8b465ee728b)  -> (artifact id: '707255f274bacfbc861f071024540a04') in 0.022903 seconds 
========================================================================
Received Import Request.
  Time since last request: 0.000028 seconds.
  path: Assets/RPG Monster DUO PBR Polyart/Animations/TurtleShell/Run_TurtleShell_Anim.fbx
  artifactKey: Guid(60dd7ef4512a4404896e945d3004f2b6) Importer(815301076,1909f56bfc062723c751e8b465ee728b)
Start importing Assets/RPG Monster DUO PBR Polyart/Animations/TurtleShell/Run_TurtleShell_Anim.fbx using Guid(60dd7ef4512a4404896e945d3004f2b6) Importer(815301076,1909f56bfc062723c751e8b465ee728b)  -> (artifact id: '0d9a99f16be9e18671d4d88359ebd066') in 0.023813 seconds 
========================================================================
Received Import Request.
  Time since last request: 0.226985 seconds.
  path: Assets/RPG Monster DUO PBR Polyart/Animations/TurtleShell/Dizzy_TurtleShell_Anim.fbx
  artifactKey: Guid(b8f24610a85e4499be98bd4a920da37e) Importer(815301076,1909f56bfc062723c751e8b465ee728b)
Start importing Assets/RPG Monster DUO PBR Polyart/Animations/TurtleShell/Dizzy_TurtleShell_Anim.fbx using Guid(b8f24610a85e4499be98bd4a920da37e) Importer(815301076,1909f56bfc062723c751e8b465ee728b)  -> (artifact id: '88ecde39e266027045331c6d8602e945') in 0.024067 seconds 
========================================================================
Received Import Request.
  Time since last request: 0.000031 seconds.
  path: Assets/RPG Monster DUO PBR Polyart/Animations/TurtleShell/Die_TurtleShell_Anim.fbx
  artifactKey: Guid(b5feebd3cb9a4b82aa44801bbe7548bb) Importer(815301076,1909f56bfc062723c751e8b465ee728b)
Start importing Assets/RPG Monster DUO PBR Polyart/Animations/TurtleShell/Die_TurtleShell_Anim.fbx using Guid(b5feebd3cb9a4b82aa44801bbe7548bb) Importer(815301076,1909f56bfc062723c751e8b465ee728b)  -> (artifact id: '85258b297d37fc5ed57073ea7793ebee') in 0.021980 seconds 
========================================================================
Received Import Request.
  Time since last request: 0.012490 seconds.
  path: Assets/RPG Monster DUO PBR Polyart/Animations/TurtleShell/Attack02_TurtleShell_Anim.fbx
  artifactKey: Guid(38db71b772e940b791a0d173406cbb04) Importer(815301076,1909f56bfc062723c751e8b465ee728b)
Start importing Assets/RPG Monster DUO PBR Polyart/Animations/TurtleShell/Attack02_TurtleShell_Anim.fbx using Guid(38db71b772e940b791a0d173406cbb04) Importer(815301076,1909f56bfc062723c751e8b465ee728b)  -> (artifact id: 'f28299ff33468831242bd7d42796798d') in 0.026012 seconds 
========================================================================
Received Import Request.
  Time since last request: 0.597328 seconds.
  path: Assets/Darth_Artisan/Free_Trees/Meshes/Poplar_Tree.fbx
  artifactKey: Guid(186ad8f063dbf430da4d56ebc0cb14e0) Importer(815301076,1909f56bfc062723c751e8b465ee728b)
Start importing Assets/Darth_Artisan/Free_Trees/Meshes/Poplar_Tree.fbx using Guid(186ad8f063dbf430da4d56ebc0cb14e0) Importer(815301076,1909f56bfc062723c751e8b465ee728b)  -> (artifact id: '04a1f83ac48459d342c4d64aace7eb58') in 0.014917 seconds 
========================================================================
Received Import Request.
  Time since last request: 0.251745 seconds.
  path: Assets/Darth_Artisan/Free_Trees/Meshes/Palm_Tree.fbx
  artifactKey: Guid(1e50ef3048667495d90210b70c070c6b) Importer(815301076,1909f56bfc062723c751e8b465ee728b)
Start importing Assets/Darth_Artisan/Free_Trees/Meshes/Palm_Tree.fbx using Guid(1e50ef3048667495d90210b70c070c6b) Importer(815301076,1909f56bfc062723c751e8b465ee728b)  -> (artifact id: 'ee032d43d51b266f247d5aef42179e87') in 0.017690 seconds 
========================================================================
Received Import Request.
  Time since last request: 0.034764 seconds.
  path: Assets/RPGMonsterBuddiesPBRPA/Animation/Mushroom/Mushroom_SenseSomethingStartAngry.fbx
  artifactKey: Guid(3d2020afd5114711895034bfc96e7748) Importer(815301076,1909f56bfc062723c751e8b465ee728b)
Start importing Assets/RPGMonsterBuddiesPBRPA/Animation/Mushroom/Mushroom_SenseSomethingStartAngry.fbx using Guid(3d2020afd5114711895034bfc96e7748) Importer(815301076,1909f56bfc062723c751e8b465ee728b)  -> (artifact id: '1d32c5ed350a44aa31f5c85a1a93ef31') in 0.023005 seconds 
========================================================================
Received Import Request.
  Time since last request: 0.222762 seconds.
  path: Assets/RPGMonsterBuddiesPBRPA/Animation/Mushroom/Mushroom_TauntingAngry.fbx
  artifactKey: Guid(19d339b1707745e0a79453c2ad545162) Importer(815301076,1909f56bfc062723c751e8b465ee728b)
Start importing Assets/RPGMonsterBuddiesPBRPA/Animation/Mushroom/Mushroom_TauntingAngry.fbx using Guid(19d339b1707745e0a79453c2ad545162) Importer(815301076,1909f56bfc062723c751e8b465ee728b)  -> (artifact id: 'ba0a42dbfa87a62d4c2b02f5743870d4') in 0.023770 seconds 
========================================================================
Received Import Request.
  Time since last request: 0.000024 seconds.
  path: Assets/RPGMonsterBuddiesPBRPA/Animation/Mushroom/Mushroom_VictoryAngry.fbx
  artifactKey: Guid(547f93bf97444b72b7af59c712fe0a83) Importer(815301076,1909f56bfc062723c751e8b465ee728b)
Start importing Assets/RPGMonsterBuddiesPBRPA/Animation/Mushroom/Mushroom_VictoryAngry.fbx using Guid(547f93bf97444b72b7af59c712fe0a83) Importer(815301076,1909f56bfc062723c751e8b465ee728b)  -> (artifact id: '8f431b0ba9484a017a815461ca505b0f') in 0.024215 seconds 
========================================================================
Received Import Request.
  Time since last request: 0.034512 seconds.
  path: Assets/RPGMonsterBuddiesPBRPA/Animation/Mushroom/Mushroom_walkFWDAngry.fbx
  artifactKey: Guid(210b1278c425407495dc4f93a8ae07e4) Importer(815301076,1909f56bfc062723c751e8b465ee728b)
Start importing Assets/RPGMonsterBuddiesPBRPA/Animation/Mushroom/Mushroom_walkFWDAngry.fbx using Guid(210b1278c425407495dc4f93a8ae07e4) Importer(815301076,1909f56bfc062723c751e8b465ee728b)  -> (artifact id: '10da4de01a67914c166b7e5db792a8df') in 0.023722 seconds 
========================================================================
Received Import Request.
  Time since last request: 0.278787 seconds.
  path: Assets/RPGMonsterBuddiesPBRPA/Animation/Mushroom/Mushroom_walkLFTAngry.fbx
  artifactKey: Guid(ab6f3c8edfa946f1ac462e22d2cbfbee) Importer(815301076,1909f56bfc062723c751e8b465ee728b)
Start importing Assets/RPGMonsterBuddiesPBRPA/Animation/Mushroom/Mushroom_walkLFTAngry.fbx using Guid(ab6f3c8edfa946f1ac462e22d2cbfbee) Importer(815301076,1909f56bfc062723c751e8b465ee728b)  -> (artifact id: '11f732a7eba8d69431859bf4764dab49') in 0.021384 seconds 
========================================================================
Received Import Request.
  Time since last request: 0.000020 seconds.
  path: Assets/RPGMonsterBuddiesPBRPA/Animation/Mushroom/Mushroom_walkLFTSmile.fbx
  artifactKey: Guid(c0234e2520c64ae5920112194e38f510) Importer(815301076,1909f56bfc062723c751e8b465ee728b)
Start importing Assets/RPGMonsterBuddiesPBRPA/Animation/Mushroom/Mushroom_walkLFTSmile.fbx using Guid(c0234e2520c64ae5920112194e38f510) Importer(815301076,1909f56bfc062723c751e8b465ee728b)  -> (artifact id: 'd2020c08b23103e1580d4d557cbbf851') in 0.022084 seconds 
========================================================================
Received Import Request.
  Time since last request: 0.009978 seconds.
  path: Assets/RPGMonsterBuddiesPBRPA/Animation/Mushroom/Mushroom_walkRGTSmile.fbx
  artifactKey: Guid(9a314b58fbc147729e78897447a3ac01) Importer(815301076,1909f56bfc062723c751e8b465ee728b)
Start importing Assets/RPGMonsterBuddiesPBRPA/Animation/Mushroom/Mushroom_walkRGTSmile.fbx using Guid(9a314b58fbc147729e78897447a3ac01) Importer(815301076,1909f56bfc062723c751e8b465ee728b)  -> (artifact id: '1d44a767dd8de396f36c6852bcb36eab') in 0.023523 seconds 
========================================================================
Received Import Request.
  Time since last request: 0.236987 seconds.
  path: Assets/RPGMonsterBuddiesPBRPA/Animation/Mushroom/Mushroom_runFWDAngry.fbx
  artifactKey: Guid(3c4056711c7546cda076bc46f425f005) Importer(815301076,1909f56bfc062723c751e8b465ee728b)
Start importing Assets/RPGMonsterBuddiesPBRPA/Animation/Mushroom/Mushroom_runFWDAngry.fbx using Guid(3c4056711c7546cda076bc46f425f005) Importer(815301076,1909f56bfc062723c751e8b465ee728b)  -> (artifact id: 'efaec3b81ee1faf994745299890a404f') in 0.022322 seconds 
========================================================================
Received Import Request.
  Time since last request: 0.000043 seconds.
  path: Assets/RPGMonsterBuddiesPBRPA/Animation/Mushroom/Mushroom_Attack02Smile.fbx
  artifactKey: Guid(8bf4ec8fe2f7424885d58724f3e4e7ca) Importer(815301076,1909f56bfc062723c751e8b465ee728b)
Start importing Assets/RPGMonsterBuddiesPBRPA/Animation/Mushroom/Mushroom_Attack02Smile.fbx using Guid(8bf4ec8fe2f7424885d58724f3e4e7ca) Importer(815301076,1909f56bfc062723c751e8b465ee728b)  -> (artifact id: 'c6c5cfbf418e0e4cf999c00a62562dce') in 0.020211 seconds 
========================================================================
Received Import Request.
  Time since last request: 0.008997 seconds.
  path: Assets/RPGMonsterBuddiesPBRPA/Animation/Mushroom/Mushroom_DieAngry.fbx
  artifactKey: Guid(f0085118ccc344269042a6158acf7991) Importer(815301076,1909f56bfc062723c751e8b465ee728b)
Start importing Assets/RPGMonsterBuddiesPBRPA/Animation/Mushroom/Mushroom_DieAngry.fbx using Guid(f0085118ccc344269042a6158acf7991) Importer(815301076,1909f56bfc062723c751e8b465ee728b)  -> (artifact id: 'f4be0b59213912285efdf5a4726ab1fe') in 0.022163 seconds 
========================================================================
Received Import Request.
  Time since last request: 0.260355 seconds.
  path: Assets/RPGMonsterBuddiesPBRPA/Animation/Mushroom/Mushroom_GetHitAngry.fbx
  artifactKey: Guid(d19a8f0292eb4266b21cd4010159b274) Importer(815301076,1909f56bfc062723c751e8b465ee728b)
Start importing Assets/RPGMonsterBuddiesPBRPA/Animation/Mushroom/Mushroom_GetHitAngry.fbx using Guid(d19a8f0292eb4266b21cd4010159b274) Importer(815301076,1909f56bfc062723c751e8b465ee728b)  -> (artifact id: '919c802ed43519f4b73cf0f17f34357b') in 0.027204 seconds 
========================================================================
Received Import Request.
  Time since last request: 0.015404 seconds.
  path: Assets/RPGMonsterBuddiesPBRPA/Animation/Mushroom/Mushroom_IdleBattleSmile.fbx
  artifactKey: Guid(f108f4bd5e61430c9eb03a14bdb0e880) Importer(815301076,1909f56bfc062723c751e8b465ee728b)
Start importing Assets/RPGMonsterBuddiesPBRPA/Animation/Mushroom/Mushroom_IdleBattleSmile.fbx using Guid(f108f4bd5e61430c9eb03a14bdb0e880) Importer(815301076,1909f56bfc062723c751e8b465ee728b)  -> (artifact id: '43381aef014778e2f6cc7cadda430a61') in 0.023682 seconds 
========================================================================
Received Import Request.
  Time since last request: 0.000030 seconds.
  path: Assets/RPGMonsterBuddiesPBRPA/Animation/Mushroom/Mushroom_IdleNormalAngry.fbx
  artifactKey: Guid(0dd1e8c356ef4aa2836fe3fb1aaa9e9c) Importer(815301076,1909f56bfc062723c751e8b465ee728b)
Start importing Assets/RPGMonsterBuddiesPBRPA/Animation/Mushroom/Mushroom_IdleNormalAngry.fbx using Guid(0dd1e8c356ef4aa2836fe3fb1aaa9e9c) Importer(815301076,1909f56bfc062723c751e8b465ee728b)  -> (artifact id: '304183cecad8054e26e2c3a5b5f5ec4b') in 0.023528 seconds 
========================================================================
Received Import Request.
  Time since last request: 0.204329 seconds.
  path: Assets/RPGMonsterBuddiesPBRPA/Animation/Mushroom/Mushroom_IdlePlantToBattleAngry.fbx
  artifactKey: Guid(72b3a1e9f8414e3684b238716de7631e) Importer(815301076,1909f56bfc062723c751e8b465ee728b)
Start importing Assets/RPGMonsterBuddiesPBRPA/Animation/Mushroom/Mushroom_IdlePlantToBattleAngry.fbx using Guid(72b3a1e9f8414e3684b238716de7631e) Importer(815301076,1909f56bfc062723c751e8b465ee728b)  -> (artifact id: 'ad7a91e6c9161f01d4f0c7f7bc88d954') in 0.023263 seconds 
========================================================================
Received Import Request.
  Time since last request: 0.000021 seconds.
  path: Assets/RPGMonsterBuddiesPBRPA/Animation/Cactus/Cactus_Attack01.fbx
  artifactKey: Guid(c25688f83d5f4ff3bbccaaf074a7da91) Importer(815301076,1909f56bfc062723c751e8b465ee728b)
Start importing Assets/RPGMonsterBuddiesPBRPA/Animation/Cactus/Cactus_Attack01.fbx using Guid(c25688f83d5f4ff3bbccaaf074a7da91) Importer(815301076,1909f56bfc062723c751e8b465ee728b)  -> (artifact id: 'ee5d0407df3298664e9a0b6cc8e43a06') in 0.025791 seconds 
========================================================================
Received Import Request.
  Time since last request: 0.007236 seconds.
  path: Assets/RPGMonsterBuddiesPBRPA/Animation/Cactus/Cactus_Attack02.fbx
  artifactKey: Guid(e49e58fcb12c43f4a7a539cba4962b5d) Importer(815301076,1909f56bfc062723c751e8b465ee728b)
Start importing Assets/RPGMonsterBuddiesPBRPA/Animation/Cactus/Cactus_Attack02.fbx using Guid(e49e58fcb12c43f4a7a539cba4962b5d) Importer(815301076,1909f56bfc062723c751e8b465ee728b)  -> (artifact id: '08ad9ae22387573bc5766afce0b7781b') in 0.020520 seconds 
========================================================================
Received Import Request.
  Time since last request: 55.930780 seconds.
  path: Assets/RPGMonsterBuddiesPBRPA/Animation/Cactus/Cactus_WalkFWD.fbx
  artifactKey: Guid(9b9279213c434f60bfdd45c1f0e4d752) Importer(815301076,1909f56bfc062723c751e8b465ee728b)
Start importing Assets/RPGMonsterBuddiesPBRPA/Animation/Cactus/Cactus_WalkFWD.fbx using Guid(9b9279213c434f60bfdd45c1f0e4d752) Importer(815301076,1909f56bfc062723c751e8b465ee728b)  -> (artifact id: '4678b619f7303636cc2caecd1f5591cf') in 0.023357 seconds 
========================================================================
Received Import Request.
  Time since last request: 0.382509 seconds.
  path: Assets/RPGMonsterBuddiesPBRPA/Animation/Cactus/Cactus_Taunting.fbx
  artifactKey: Guid(d52f1a6ffaf64fdcb80af3be273cc718) Importer(815301076,1909f56bfc062723c751e8b465ee728b)
Start importing Assets/RPGMonsterBuddiesPBRPA/Animation/Cactus/Cactus_Taunting.fbx using Guid(d52f1a6ffaf64fdcb80af3be273cc718) Importer(815301076,1909f56bfc062723c751e8b465ee728b)  -> (artifact id: '492ce6d6f011826d9c8b248b16b32fc2') in 0.023904 seconds 
========================================================================
Received Import Request.
  Time since last request: 0.000021 seconds.
  path: Assets/RPGMonsterBuddiesPBRPA/Animation/Cactus/Cactus_IdleBattle.fbx
  artifactKey: Guid(f0daf145f0a24017a35ced6e06050023) Importer(815301076,1909f56bfc062723c751e8b465ee728b)
Start importing Assets/RPGMonsterBuddiesPBRPA/Animation/Cactus/Cactus_IdleBattle.fbx using Guid(f0daf145f0a24017a35ced6e06050023) Importer(815301076,1909f56bfc062723c751e8b465ee728b)  -> (artifact id: '74de102806d03a06238548e8a5bed994') in 0.024103 seconds 
========================================================================
Received Import Request.
  Time since last request: 0.000022 seconds.
  path: Assets/RPGMonsterBuddiesPBRPA/Animation/Cactus/Cactus_GetHit.fbx
  artifactKey: Guid(e424a3fc633c48f6a431e2ba6bb3629d) Importer(815301076,1909f56bfc062723c751e8b465ee728b)
Start importing Assets/RPGMonsterBuddiesPBRPA/Animation/Cactus/Cactus_GetHit.fbx using Guid(e424a3fc633c48f6a431e2ba6bb3629d) Importer(815301076,1909f56bfc062723c751e8b465ee728b)  -> (artifact id: '1ef8fc47db3a9455a070dfdd52bdacd0') in 0.026163 seconds 
========================================================================
Received Import Request.
  Time since last request: 0.000030 seconds.
  path: Assets/RPGMonsterBuddiesPBRPA/Animation/Cactus/Cactus_SenseSomethingMaint.fbx
  artifactKey: Guid(fbef989f230e4016a6ac6db9af92fa6c) Importer(815301076,1909f56bfc062723c751e8b465ee728b)
Start importing Assets/RPGMonsterBuddiesPBRPA/Animation/Cactus/Cactus_SenseSomethingMaint.fbx using Guid(fbef989f230e4016a6ac6db9af92fa6c) Importer(815301076,1909f56bfc062723c751e8b465ee728b)  -> (artifact id: '2af2f51c591fb56ee4f15be070026153') in 0.024860 seconds 
Editor requested this worker to shutdown with reason: Scaling down because of idle timeout
AssetImportWorker is now disconnected from the server
Process exiting
Exiting without the bug reporter. Application will terminate with return code 0