Using pre-set license
Built from '2022.1/staging' branch; Version is '2022.1.16f1 (7321c9670bc2) revision 7545289'; Using compiler version '192829333'; Build Type 'Release'
OS: 'Windows 10  (10.0.19045) 64bit Professional' Language: 'en' Physical Memory: 32693 MB
BatchMode: 1, IsHumanControllingUs: 0, StartBugReporterOnCrash: 0, Is64bit: 1, IsPro: 1

COMMAND LINE ARGUMENTS:
C:\Program Files\Unity 2022.1.16f1\Editor\Unity.exe
-adb2
-batchMode
-noUpm
-name
AssetImportWorker7
-projectPath
C:/3DGame/RPG3
-logFile
Logs/AssetImportWorker7.log
-srvPort
50963
Successfully changed project path to: C:/3DGame/RPG3
C:/3DGame/RPG3
[UnityMemory] Configuration Parameters - Can be set up in boot.config
    "memorysetup-bucket-allocator-granularity=16"
    "memorysetup-bucket-allocator-bucket-count=8"
    "memorysetup-bucket-allocator-block-size=33554432"
    "memorysetup-bucket-allocator-block-count=8"
    "memorysetup-main-allocator-block-size=16777216"
    "memorysetup-thread-allocator-block-size=16777216"
    "memorysetup-gfx-main-allocator-block-size=16777216"
    "memorysetup-gfx-thread-allocator-block-size=16777216"
    "memorysetup-cache-allocator-block-size=4194304"
    "memorysetup-typetree-allocator-block-size=2097152"
    "memorysetup-profiler-bucket-allocator-granularity=16"
    "memorysetup-profiler-bucket-allocator-bucket-count=8"
    "memorysetup-profiler-bucket-allocator-block-size=33554432"
    "memorysetup-profiler-bucket-allocator-block-count=8"
    "memorysetup-profiler-allocator-block-size=16777216"
    "memorysetup-profiler-editor-allocator-block-size=1048576"
    "memorysetup-temp-allocator-size-main=16777216"
    "memorysetup-job-temp-allocator-block-size=2097152"
    "memorysetup-job-temp-allocator-block-size-background=1048576"
    "memorysetup-job-temp-allocator-reduction-small-platforms=262144"
    "memorysetup-temp-allocator-size-background-worker=32768"
    "memorysetup-temp-allocator-size-job-worker=262144"
    "memorysetup-temp-allocator-size-preload-manager=33554432"
    "memorysetup-temp-allocator-size-nav-mesh-worker=65536"
    "memorysetup-temp-allocator-size-audio-worker=65536"
    "memorysetup-temp-allocator-size-cloud-worker=32768"
    "memorysetup-temp-allocator-size-gi-baking-worker=262144"
    "memorysetup-temp-allocator-size-gfx=262144"
Refreshing native plugins compatible for Editor in 45.73 ms, found 2 plugins.
Preloading 0 native plugins for Editor in 0.00 ms.
Initialize engine version: 2022.1.16f1 (7321c9670bc2)
[Subsystems] Discovering subsystems at path C:/Program Files/Unity 2022.1.16f1/Editor/Data/Resources/UnitySubsystems
[Subsystems] Discovering subsystems at path C:/3DGame/RPG3/Assets
GfxDevice: creating device client; threaded=0; jobified=0
Direct3D:
    Version:  Direct3D 11.0 [level 11.1]
    Renderer: NVIDIA GeForce GTX 1070 Ti (ID=0x1b82)
    Vendor:   NVIDIA
    VRAM:     8073 MB
    Driver:   31.0.15.4629
Initialize mono
Mono path[0] = 'C:/Program Files/Unity 2022.1.16f1/Editor/Data/Managed'
Mono path[1] = 'C:/Program Files/Unity 2022.1.16f1/Editor/Data/MonoBleedingEdge/lib/mono/unityjit-win32'
Mono config path = 'C:/Program Files/Unity 2022.1.16f1/Editor/Data/MonoBleedingEdge/etc'
Using monoOptions --debugger-agent=transport=dt_socket,embedding=1,server=y,suspend=n,address=127.0.0.1:56212
Begin MonoManager ReloadAssembly
Registering precompiled unity dll's ...
Register platform support module: C:/Program Files/Unity 2022.1.16f1/Editor/Data/PlaybackEngines/WebGLSupport/UnityEditor.WebGL.Extensions.dll
Register platform support module: C:/Program Files/Unity 2022.1.16f1/Editor/Data/PlaybackEngines/WindowsStandaloneSupport/UnityEditor.WindowsStandalone.Extensions.dll
Registered in 0.009831 seconds.
Native extension for WindowsStandalone target not found
Native extension for WebGL target not found
Refreshing native plugins compatible for Editor in 42.02 ms, found 2 plugins.
Preloading 0 native plugins for Editor in 0.00 ms.
Mono: successfully reloaded assembly
- Completed reload, in  0.721 seconds
Domain Reload Profiling:
	ReloadAssembly (721ms)
		BeginReloadAssembly (95ms)
			ExecutionOrderSort (0ms)
			DisableScriptedObjects (0ms)
			BackupInstance (0ms)
			ReleaseScriptingObjects (0ms)
			CreateAndSetChildDomain (1ms)
		EndReloadAssembly (481ms)
			LoadAssemblies (89ms)
			RebuildTransferFunctionScriptingTraits (0ms)
			SetupTypeCache (138ms)
				TypeCache.Initialize (138ms)
					TypeCache.ScanAssembly (136ms)
				ResolveRequiredComponents (0ms)
			ReleaseScriptCaches (0ms)
			RebuildScriptCaches (31ms)
			SetupLoadedEditorAssemblies (239ms)
				LogAssemblyErrors (0ms)
				InitializePlatformSupportModulesInManaged (10ms)
				SetLoadedEditorAssemblies (8ms)
				RefreshPlugins (42ms)
				BeforeProcessingInitializeOnLoad (1ms)
				ProcessInitializeOnLoadAttributes (131ms)
				ProcessInitializeOnLoadMethodAttributes (46ms)
				AfterProcessingInitializeOnLoad (0ms)
				EditorAssembliesLoaded (0ms)
			ExecutionOrderSort2 (0ms)
			AwakeInstancesAfterBackupRestoration (0ms)
Platform modules already initialized, skipping
Registering precompiled user dll's ...
Registered in 0.008149 seconds.
Begin MonoManager ReloadAssembly
Native extension for WindowsStandalone target not found
Native extension for WebGL target not found
Refreshing native plugins compatible for Editor in 0.60 ms, found 2 plugins.
Preloading 0 native plugins for Editor in 0.00 ms.
Mono: successfully reloaded assembly
- Completed reload, in  1.037 seconds
Domain Reload Profiling:
	ReloadAssembly (1038ms)
		BeginReloadAssembly (126ms)
			ExecutionOrderSort (0ms)
			DisableScriptedObjects (5ms)
			BackupInstance (0ms)
			ReleaseScriptingObjects (0ms)
			CreateAndSetChildDomain (23ms)
		EndReloadAssembly (785ms)
			LoadAssemblies (91ms)
			RebuildTransferFunctionScriptingTraits (0ms)
			SetupTypeCache (228ms)
				TypeCache.Initialize (225ms)
					TypeCache.ScanAssembly (222ms)
				ResolveRequiredComponents (3ms)
			ReleaseScriptCaches (1ms)
			RebuildScriptCaches (45ms)
			SetupLoadedEditorAssemblies (362ms)
				LogAssemblyErrors (0ms)
				InitializePlatformSupportModulesInManaged (7ms)
				SetLoadedEditorAssemblies (6ms)
				RefreshPlugins (1ms)
				BeforeProcessingInitializeOnLoad (75ms)
				ProcessInitializeOnLoadAttributes (229ms)
				ProcessInitializeOnLoadMethodAttributes (27ms)
				AfterProcessingInitializeOnLoad (17ms)
				EditorAssembliesLoaded (0ms)
			ExecutionOrderSort2 (0ms)
			AwakeInstancesAfterBackupRestoration (13ms)
Platform modules already initialized, skipping
========================================================================
Worker process is ready to serve import requests
Launched and connected shader compiler UnityShaderCompiler.exe after 0.04 seconds
Refreshing native plugins compatible for Editor in 0.53 ms, found 2 plugins.
Preloading 0 native plugins for Editor in 0.00 ms.
Unloading 1889 Unused Serialized files (Serialized files now loaded: 0)
Unloading 21 unused Assets / (58.4 KB). Loaded Objects now: 2361.
Memory consumption went from 313.0 MB to 312.9 MB.
Total: 2.810500 ms (FindLiveObjects: 0.209700 ms CreateObjectMapping: 0.047800 ms MarkObjects: 2.473600 ms  DeleteObjects: 0.078400 ms)

AssetImportParameters requested are different than current active one (requested -> active):
  custom:video-decoder-ogg-theora: a1e56fd34408186e4bbccfd4996cb3dc -> 
  custom:container-muxer-webm: aa71ff27fc2769a1b78a27578f13a17b -> 
  custom:container-demuxer-webm: 4f35f7cbe854078d1ac9338744f61a02 -> 
  custom:video-encoder-webm-vp8: eb34c28f22e8b96e1ab97ce403110664 -> 
  custom:audio-encoder-webm-vorbis: bf7c407c2cedff20999df2af8eb42d56 -> 
  custom:framework-win-MediaFoundation: 216162199b28c13a410421893ffa2e32 -> 
  custom:container-demuxer-ogg: 62fdf1f143b41e24485cea50d1cbac27 -> 
  custom:video-decoder-webm-vp8: 9c59270c3fd7afecdb556c50c9e8de78 -> 
  custom:audio-decoder-ogg-vorbis: bf7c407c2cedff20999df2af8eb42d56 -> 
========================================================================
Received Import Request.
  Time since last request: 3945.586518 seconds.
  path: Assets/Low Poly Fire/Prefabs/Green-FireWood.prefab
  artifactKey: Guid(123eaecb0dcde6d4e94428d554d1f6c9) Importer(815301076,1909f56bfc062723c751e8b465ee728b)
Start importing Assets/Low Poly Fire/Prefabs/Green-FireWood.prefab using Guid(123eaecb0dcde6d4e94428d554d1f6c9) Importer(815301076,1909f56bfc062723c751e8b465ee728b)  -> (artifact id: 'ded952132fc401b58ee3d250935b217f') in 0.300742 seconds 
========================================================================
Received Import Request.
  Time since last request: 540.591365 seconds.
  path: Assets/Low Poly Environment Starter Kit/Prefabs/Standard/Terrains/Field.prefab
  artifactKey: Guid(de7790c7607a35149a81731896a0405f) Importer(815301076,1909f56bfc062723c751e8b465ee728b)
Start importing Assets/Low Poly Environment Starter Kit/Prefabs/Standard/Terrains/Field.prefab using Guid(de7790c7607a35149a81731896a0405f) Importer(815301076,1909f56bfc062723c751e8b465ee728b)  -> (artifact id: '446c68ac3415c76dec4edef00d66da17') in 0.031578 seconds 
========================================================================
Received Import Request.
  Time since last request: 0.346954 seconds.
  path: Assets/Low Poly Environment Starter Kit/Prefabs/Standard/Terrains/Forest.prefab
  artifactKey: Guid(006ebb435a2f4d940b4f350185a1547c) Importer(815301076,1909f56bfc062723c751e8b465ee728b)
Start importing Assets/Low Poly Environment Starter Kit/Prefabs/Standard/Terrains/Forest.prefab using Guid(006ebb435a2f4d940b4f350185a1547c) Importer(815301076,1909f56bfc062723c751e8b465ee728b)  -> (artifact id: '7b5b3e40f849c6231c4b2f9baf164a55') in 0.028016 seconds 
========================================================================
Received Import Request.
  Time since last request: 0.000026 seconds.
  path: Assets/Low Poly Environment Starter Kit/Prefabs/Standard/Terrains/Lake.prefab
  artifactKey: Guid(52b913ae760450748b3689351167e95d) Importer(815301076,1909f56bfc062723c751e8b465ee728b)
Start importing Assets/Low Poly Environment Starter Kit/Prefabs/Standard/Terrains/Lake.prefab using Guid(52b913ae760450748b3689351167e95d) Importer(815301076,1909f56bfc062723c751e8b465ee728b)  -> (artifact id: 'b582c7e409a69b78292e1e449df47f6d') in 0.042199 seconds 
========================================================================
Received Import Request.
  Time since last request: 17.748416 seconds.
  path: Assets/Low Poly Environment Starter Kit/Prefabs/Standard/Rocks/Rock 3.prefab
  artifactKey: Guid(91282258dc9de664abe80049a519ddea) Importer(815301076,1909f56bfc062723c751e8b465ee728b)
Start importing Assets/Low Poly Environment Starter Kit/Prefabs/Standard/Rocks/Rock 3.prefab using Guid(91282258dc9de664abe80049a519ddea) Importer(815301076,1909f56bfc062723c751e8b465ee728b)  -> (artifact id: '96d497eae7e97c5e17a8f02c92da4d27') in 0.012342 seconds 
========================================================================
Received Import Request.
  Time since last request: 0.365117 seconds.
  path: Assets/Low Poly Environment Starter Kit/Prefabs/Standard/Rocks/Rock 6.prefab
  artifactKey: Guid(9331f761eb6bcb841a98943a79fcbbee) Importer(815301076,1909f56bfc062723c751e8b465ee728b)
Start importing Assets/Low Poly Environment Starter Kit/Prefabs/Standard/Rocks/Rock 6.prefab using Guid(9331f761eb6bcb841a98943a79fcbbee) Importer(815301076,1909f56bfc062723c751e8b465ee728b)  -> (artifact id: 'a77a1cc56c73d1c68fc0419ea700c3b6') in 0.014831 seconds 
========================================================================
Received Import Request.
  Time since last request: 0.000023 seconds.
  path: Assets/Low Poly Environment Starter Kit/Prefabs/Standard/Rocks/Rock Pile 3.prefab
  artifactKey: Guid(9f3f4f94fd06fb147ae11524a3cc1001) Importer(815301076,1909f56bfc062723c751e8b465ee728b)
Start importing Assets/Low Poly Environment Starter Kit/Prefabs/Standard/Rocks/Rock Pile 3.prefab using Guid(9f3f4f94fd06fb147ae11524a3cc1001) Importer(815301076,1909f56bfc062723c751e8b465ee728b)  -> (artifact id: '68040691714f76f52da4a18224cff7e3') in 0.014004 seconds 
========================================================================
Received Import Request.
  Time since last request: 0.000024 seconds.
  path: Assets/Low Poly Environment Starter Kit/Prefabs/Standard/Rocks/Rock 11.prefab
  artifactKey: Guid(95243de08a950c64d9638230601e7e15) Importer(815301076,1909f56bfc062723c751e8b465ee728b)
Start importing Assets/Low Poly Environment Starter Kit/Prefabs/Standard/Rocks/Rock 11.prefab using Guid(95243de08a950c64d9638230601e7e15) Importer(815301076,1909f56bfc062723c751e8b465ee728b)  -> (artifact id: 'd069577b868013f66847b9f66b86eb72') in 0.014992 seconds 
========================================================================
Received Import Request.
  Time since last request: 0.000037 seconds.
  path: Assets/Low Poly Environment Starter Kit/Prefabs/Standard/Rocks/Rock Pile 2.prefab
  artifactKey: Guid(d2f665b7036709b4ea1c58074942c454) Importer(815301076,1909f56bfc062723c751e8b465ee728b)
Start importing Assets/Low Poly Environment Starter Kit/Prefabs/Standard/Rocks/Rock Pile 2.prefab using Guid(d2f665b7036709b4ea1c58074942c454) Importer(815301076,1909f56bfc062723c751e8b465ee728b)  -> (artifact id: '908b9c2519efa09ec4aaf3985524da24') in 0.015529 seconds 
========================================================================
Received Import Request.
  Time since last request: 0.000029 seconds.
  path: Assets/Low Poly Environment Starter Kit/Prefabs/Standard/Rocks/Rock 10.prefab
  artifactKey: Guid(920c086aa0351304aad78c77cfbc1461) Importer(815301076,1909f56bfc062723c751e8b465ee728b)
Start importing Assets/Low Poly Environment Starter Kit/Prefabs/Standard/Rocks/Rock 10.prefab using Guid(920c086aa0351304aad78c77cfbc1461) Importer(815301076,1909f56bfc062723c751e8b465ee728b)  -> (artifact id: 'a8f9a0e75a66602901f8b098610a4957') in 0.014749 seconds 
========================================================================
Received Import Request.
  Time since last request: 3.483810 seconds.
  path: Assets/Low Poly Environment Starter Kit/Prefabs/Standard/Other/Grass 1.prefab
  artifactKey: Guid(21774f6ef1e733d45bdd82cb135ff7d4) Importer(815301076,1909f56bfc062723c751e8b465ee728b)
Start importing Assets/Low Poly Environment Starter Kit/Prefabs/Standard/Other/Grass 1.prefab using Guid(21774f6ef1e733d45bdd82cb135ff7d4) Importer(815301076,1909f56bfc062723c751e8b465ee728b)  -> (artifact id: '1154d491e3fe401b09ec480459deeead') in 0.016087 seconds 
========================================================================
Received Import Request.
  Time since last request: 0.000033 seconds.
  path: Assets/Low Poly Environment Starter Kit/Prefabs/Standard/Other/Grass 2.prefab
  artifactKey: Guid(c37df0d209b5c9b4a9020af45615fbc2) Importer(815301076,1909f56bfc062723c751e8b465ee728b)
Start importing Assets/Low Poly Environment Starter Kit/Prefabs/Standard/Other/Grass 2.prefab using Guid(c37df0d209b5c9b4a9020af45615fbc2) Importer(815301076,1909f56bfc062723c751e8b465ee728b)  -> (artifact id: '8c36808371e3595a0a386e7b6c3a8802') in 0.015728 seconds 
Editor requested this worker to shutdown with reason: Scaling down because of idle timeout
AssetImportWorker is now disconnected from the server
Process exiting
Exiting without the bug reporter. Application will terminate with return code 0