Using pre-set license
Built from '2022.1/staging' branch; Version is '2022.1.16f1 (7321c9670bc2) revision 7545289'; Using compiler version '192829333'; Build Type 'Release'
OS: 'Windows 10  (10.0.19045) 64bit Professional' Language: 'en' Physical Memory: 32693 MB
BatchMode: 1, IsHumanControllingUs: 0, StartBugReporterOnCrash: 0, Is64bit: 1, IsPro: 1

COMMAND LINE ARGUMENTS:
C:\Program Files\Unity 2022.1.16f1\Editor\Unity.exe
-adb2
-batchMode
-noUpm
-name
AssetImportWorker5
-projectPath
C:/3DGame/RPG3
-logFile
Logs/AssetImportWorker5.log
-srvPort
50963
Successfully changed project path to: C:/3DGame/RPG3
C:/3DGame/RPG3
[UnityMemory] Configuration Parameters - Can be set up in boot.config
    "memorysetup-bucket-allocator-granularity=16"
    "memorysetup-bucket-allocator-bucket-count=8"
    "memorysetup-bucket-allocator-block-size=33554432"
    "memorysetup-bucket-allocator-block-count=8"
    "memorysetup-main-allocator-block-size=16777216"
    "memorysetup-thread-allocator-block-size=16777216"
    "memorysetup-gfx-main-allocator-block-size=16777216"
    "memorysetup-gfx-thread-allocator-block-size=16777216"
    "memorysetup-cache-allocator-block-size=4194304"
    "memorysetup-typetree-allocator-block-size=2097152"
    "memorysetup-profiler-bucket-allocator-granularity=16"
    "memorysetup-profiler-bucket-allocator-bucket-count=8"
    "memorysetup-profiler-bucket-allocator-block-size=33554432"
    "memorysetup-profiler-bucket-allocator-block-count=8"
    "memorysetup-profiler-allocator-block-size=16777216"
    "memorysetup-profiler-editor-allocator-block-size=1048576"
    "memorysetup-temp-allocator-size-main=16777216"
    "memorysetup-job-temp-allocator-block-size=2097152"
    "memorysetup-job-temp-allocator-block-size-background=1048576"
    "memorysetup-job-temp-allocator-reduction-small-platforms=262144"
    "memorysetup-temp-allocator-size-background-worker=32768"
    "memorysetup-temp-allocator-size-job-worker=262144"
    "memorysetup-temp-allocator-size-preload-manager=33554432"
    "memorysetup-temp-allocator-size-nav-mesh-worker=65536"
    "memorysetup-temp-allocator-size-audio-worker=65536"
    "memorysetup-temp-allocator-size-cloud-worker=32768"
    "memorysetup-temp-allocator-size-gi-baking-worker=262144"
    "memorysetup-temp-allocator-size-gfx=262144"
Refreshing native plugins compatible for Editor in 45.50 ms, found 2 plugins.
Preloading 0 native plugins for Editor in 0.00 ms.
Initialize engine version: 2022.1.16f1 (7321c9670bc2)
[Subsystems] Discovering subsystems at path C:/Program Files/Unity 2022.1.16f1/Editor/Data/Resources/UnitySubsystems
[Subsystems] Discovering subsystems at path C:/3DGame/RPG3/Assets
GfxDevice: creating device client; threaded=0; jobified=0
Direct3D:
    Version:  Direct3D 11.0 [level 11.1]
    Renderer: NVIDIA GeForce GTX 1070 Ti (ID=0x1b82)
    Vendor:   NVIDIA
    VRAM:     8073 MB
    Driver:   31.0.15.4629
Initialize mono
Mono path[0] = 'C:/Program Files/Unity 2022.1.16f1/Editor/Data/Managed'
Mono path[1] = 'C:/Program Files/Unity 2022.1.16f1/Editor/Data/MonoBleedingEdge/lib/mono/unityjit-win32'
Mono config path = 'C:/Program Files/Unity 2022.1.16f1/Editor/Data/MonoBleedingEdge/etc'
Using monoOptions --debugger-agent=transport=dt_socket,embedding=1,server=y,suspend=n,address=127.0.0.1:56584
Begin MonoManager ReloadAssembly
Registering precompiled unity dll's ...
Register platform support module: C:/Program Files/Unity 2022.1.16f1/Editor/Data/PlaybackEngines/WebGLSupport/UnityEditor.WebGL.Extensions.dll
Register platform support module: C:/Program Files/Unity 2022.1.16f1/Editor/Data/PlaybackEngines/WindowsStandaloneSupport/UnityEditor.WindowsStandalone.Extensions.dll
Registered in 0.007653 seconds.
Native extension for WindowsStandalone target not found
Native extension for WebGL target not found
Refreshing native plugins compatible for Editor in 41.54 ms, found 2 plugins.
Preloading 0 native plugins for Editor in 0.00 ms.
Mono: successfully reloaded assembly
- Completed reload, in  0.656 seconds
Domain Reload Profiling:
	ReloadAssembly (656ms)
		BeginReloadAssembly (78ms)
			ExecutionOrderSort (0ms)
			DisableScriptedObjects (0ms)
			BackupInstance (0ms)
			ReleaseScriptingObjects (0ms)
			CreateAndSetChildDomain (1ms)
		EndReloadAssembly (451ms)
			LoadAssemblies (74ms)
			RebuildTransferFunctionScriptingTraits (0ms)
			SetupTypeCache (116ms)
				TypeCache.Initialize (116ms)
					TypeCache.ScanAssembly (113ms)
				ResolveRequiredComponents (0ms)
			ReleaseScriptCaches (0ms)
			RebuildScriptCaches (28ms)
			SetupLoadedEditorAssemblies (247ms)
				LogAssemblyErrors (0ms)
				InitializePlatformSupportModulesInManaged (8ms)
				SetLoadedEditorAssemblies (6ms)
				RefreshPlugins (42ms)
				BeforeProcessingInitializeOnLoad (1ms)
				ProcessInitializeOnLoadAttributes (144ms)
				ProcessInitializeOnLoadMethodAttributes (46ms)
				AfterProcessingInitializeOnLoad (0ms)
				EditorAssembliesLoaded (0ms)
			ExecutionOrderSort2 (0ms)
			AwakeInstancesAfterBackupRestoration (0ms)
Platform modules already initialized, skipping
Registering precompiled user dll's ...
Registered in 0.007337 seconds.
Begin MonoManager ReloadAssembly
Native extension for WindowsStandalone target not found
Native extension for WebGL target not found
Refreshing native plugins compatible for Editor in 0.79 ms, found 2 plugins.
Preloading 0 native plugins for Editor in 0.00 ms.
Mono: successfully reloaded assembly
- Completed reload, in  0.979 seconds
Domain Reload Profiling:
	ReloadAssembly (980ms)
		BeginReloadAssembly (131ms)
			ExecutionOrderSort (0ms)
			DisableScriptedObjects (5ms)
			BackupInstance (0ms)
			ReleaseScriptingObjects (0ms)
			CreateAndSetChildDomain (22ms)
		EndReloadAssembly (724ms)
			LoadAssemblies (91ms)
			RebuildTransferFunctionScriptingTraits (0ms)
			SetupTypeCache (218ms)
				TypeCache.Initialize (215ms)
					TypeCache.ScanAssembly (212ms)
				ResolveRequiredComponents (3ms)
			ReleaseScriptCaches (1ms)
			RebuildScriptCaches (43ms)
			SetupLoadedEditorAssemblies (333ms)
				LogAssemblyErrors (0ms)
				InitializePlatformSupportModulesInManaged (7ms)
				SetLoadedEditorAssemblies (6ms)
				RefreshPlugins (1ms)
				BeforeProcessingInitializeOnLoad (62ms)
				ProcessInitializeOnLoadAttributes (217ms)
				ProcessInitializeOnLoadMethodAttributes (26ms)
				AfterProcessingInitializeOnLoad (14ms)
				EditorAssembliesLoaded (0ms)
			ExecutionOrderSort2 (0ms)
			AwakeInstancesAfterBackupRestoration (11ms)
Platform modules already initialized, skipping
========================================================================
Worker process is ready to serve import requests
Launched and connected shader compiler UnityShaderCompiler.exe after 0.04 seconds
Refreshing native plugins compatible for Editor in 0.58 ms, found 2 plugins.
Preloading 0 native plugins for Editor in 0.00 ms.
Unloading 1889 Unused Serialized files (Serialized files now loaded: 0)
Unloading 21 unused Assets / (58.4 KB). Loaded Objects now: 2361.
Memory consumption went from 313.0 MB to 312.9 MB.
Total: 3.119500 ms (FindLiveObjects: 0.207000 ms CreateObjectMapping: 0.043300 ms MarkObjects: 2.704300 ms  DeleteObjects: 0.162700 ms)

AssetImportParameters requested are different than current active one (requested -> active):
  custom:video-decoder-ogg-theora: a1e56fd34408186e4bbccfd4996cb3dc -> 
  custom:container-muxer-webm: aa71ff27fc2769a1b78a27578f13a17b -> 
  custom:container-demuxer-webm: 4f35f7cbe854078d1ac9338744f61a02 -> 
  custom:video-encoder-webm-vp8: eb34c28f22e8b96e1ab97ce403110664 -> 
  custom:audio-encoder-webm-vorbis: bf7c407c2cedff20999df2af8eb42d56 -> 
  custom:framework-win-MediaFoundation: 216162199b28c13a410421893ffa2e32 -> 
  custom:container-demuxer-ogg: 62fdf1f143b41e24485cea50d1cbac27 -> 
  custom:video-decoder-webm-vp8: 9c59270c3fd7afecdb556c50c9e8de78 -> 
  custom:audio-decoder-ogg-vorbis: bf7c407c2cedff20999df2af8eb42d56 -> 
========================================================================
Received Prepare
Registering precompiled user dll's ...
Registered in 0.007193 seconds.
Begin MonoManager ReloadAssembly
Native extension for WindowsStandalone target not found
Native extension for WebGL target not found
Refreshing native plugins compatible for Editor in 0.75 ms, found 2 plugins.
Preloading 0 native plugins for Editor in 0.00 ms.
Mono: successfully reloaded assembly
- Completed reload, in  0.955 seconds
Domain Reload Profiling:
	ReloadAssembly (956ms)
		BeginReloadAssembly (132ms)
			ExecutionOrderSort (0ms)
			DisableScriptedObjects (4ms)
			BackupInstance (0ms)
			ReleaseScriptingObjects (0ms)
			CreateAndSetChildDomain (35ms)
		EndReloadAssembly (726ms)
			LoadAssemblies (82ms)
			RebuildTransferFunctionScriptingTraits (0ms)
			SetupTypeCache (221ms)
				TypeCache.Initialize (217ms)
					TypeCache.ScanAssembly (211ms)
				ResolveRequiredComponents (4ms)
			ReleaseScriptCaches (1ms)
			RebuildScriptCaches (38ms)
			SetupLoadedEditorAssemblies (326ms)
				LogAssemblyErrors (0ms)
				InitializePlatformSupportModulesInManaged (15ms)
				SetLoadedEditorAssemblies (7ms)
				RefreshPlugins (1ms)
				BeforeProcessingInitializeOnLoad (55ms)
				ProcessInitializeOnLoadAttributes (209ms)
				ProcessInitializeOnLoadMethodAttributes (26ms)
				AfterProcessingInitializeOnLoad (14ms)
				EditorAssembliesLoaded (0ms)
			ExecutionOrderSort2 (0ms)
			AwakeInstancesAfterBackupRestoration (11ms)
Platform modules already initialized, skipping
Refreshing native plugins compatible for Editor in 2.43 ms, found 2 plugins.
Preloading 0 native plugins for Editor in 0.00 ms.
Unloading 1870 Unused Serialized files (Serialized files now loaded: 0)
Unloading 14 unused Assets / (32.6 KB). Loaded Objects now: 2364.
Memory consumption went from 309.2 MB to 309.1 MB.
Total: 2.777000 ms (FindLiveObjects: 0.236600 ms CreateObjectMapping: 0.048100 ms MarkObjects: 2.462500 ms  DeleteObjects: 0.028500 ms)

AssetImportParameters requested are different than current active one (requested -> active):
  custom:video-decoder-ogg-theora: a1e56fd34408186e4bbccfd4996cb3dc -> 
  custom:container-muxer-webm: aa71ff27fc2769a1b78a27578f13a17b -> 
  custom:container-demuxer-webm: 4f35f7cbe854078d1ac9338744f61a02 -> 
  custom:video-encoder-webm-vp8: eb34c28f22e8b96e1ab97ce403110664 -> 
  custom:audio-encoder-webm-vorbis: bf7c407c2cedff20999df2af8eb42d56 -> 
  custom:framework-win-MediaFoundation: 216162199b28c13a410421893ffa2e32 -> 
  custom:container-demuxer-ogg: 62fdf1f143b41e24485cea50d1cbac27 -> 
  custom:video-decoder-webm-vp8: 9c59270c3fd7afecdb556c50c9e8de78 -> 
  custom:audio-decoder-ogg-vorbis: bf7c407c2cedff20999df2af8eb42d56 -> 
========================================================================
Received Prepare
Registering precompiled user dll's ...
Registered in 0.007036 seconds.
Begin MonoManager ReloadAssembly
Native extension for WindowsStandalone target not found
Native extension for WebGL target not found
Refreshing native plugins compatible for Editor in 0.65 ms, found 2 plugins.
Preloading 0 native plugins for Editor in 0.00 ms.
Mono: successfully reloaded assembly
- Completed reload, in  0.953 seconds
Domain Reload Profiling:
	ReloadAssembly (953ms)
		BeginReloadAssembly (128ms)
			ExecutionOrderSort (0ms)
			DisableScriptedObjects (5ms)
			BackupInstance (0ms)
			ReleaseScriptingObjects (0ms)
			CreateAndSetChildDomain (31ms)
		EndReloadAssembly (723ms)
			LoadAssemblies (80ms)
			RebuildTransferFunctionScriptingTraits (0ms)
			SetupTypeCache (231ms)
				TypeCache.Initialize (228ms)
					TypeCache.ScanAssembly (222ms)
				ResolveRequiredComponents (3ms)
			ReleaseScriptCaches (1ms)
			RebuildScriptCaches (37ms)
			SetupLoadedEditorAssemblies (319ms)
				LogAssemblyErrors (0ms)
				InitializePlatformSupportModulesInManaged (13ms)
				SetLoadedEditorAssemblies (6ms)
				RefreshPlugins (1ms)
				BeforeProcessingInitializeOnLoad (64ms)
				ProcessInitializeOnLoadAttributes (198ms)
				ProcessInitializeOnLoadMethodAttributes (24ms)
				AfterProcessingInitializeOnLoad (14ms)
				EditorAssembliesLoaded (0ms)
			ExecutionOrderSort2 (0ms)
			AwakeInstancesAfterBackupRestoration (15ms)
Platform modules already initialized, skipping
Refreshing native plugins compatible for Editor in 2.12 ms, found 2 plugins.
Preloading 0 native plugins for Editor in 0.00 ms.
Unloading 1870 Unused Serialized files (Serialized files now loaded: 0)
Unloading 14 unused Assets / (32.5 KB). Loaded Objects now: 2367.
Memory consumption went from 309.2 MB to 309.2 MB.
Total: 2.679300 ms (FindLiveObjects: 0.170900 ms CreateObjectMapping: 0.046300 ms MarkObjects: 2.435900 ms  DeleteObjects: 0.025200 ms)

AssetImportParameters requested are different than current active one (requested -> active):
  custom:video-decoder-ogg-theora: a1e56fd34408186e4bbccfd4996cb3dc -> 
  custom:container-muxer-webm: aa71ff27fc2769a1b78a27578f13a17b -> 
  custom:container-demuxer-webm: 4f35f7cbe854078d1ac9338744f61a02 -> 
  custom:video-encoder-webm-vp8: eb34c28f22e8b96e1ab97ce403110664 -> 
  custom:audio-encoder-webm-vorbis: bf7c407c2cedff20999df2af8eb42d56 -> 
  custom:framework-win-MediaFoundation: 216162199b28c13a410421893ffa2e32 -> 
  custom:container-demuxer-ogg: 62fdf1f143b41e24485cea50d1cbac27 -> 
  custom:video-decoder-webm-vp8: 9c59270c3fd7afecdb556c50c9e8de78 -> 
  custom:audio-decoder-ogg-vorbis: bf7c407c2cedff20999df2af8eb42d56 -> 
========================================================================
Received Prepare
Registering precompiled user dll's ...
Registered in 0.007198 seconds.
Begin MonoManager ReloadAssembly
Native extension for WindowsStandalone target not found
Native extension for WebGL target not found
Refreshing native plugins compatible for Editor in 0.61 ms, found 2 plugins.
Preloading 0 native plugins for Editor in 0.00 ms.
Mono: successfully reloaded assembly
- Completed reload, in  0.939 seconds
Domain Reload Profiling:
	ReloadAssembly (939ms)
		BeginReloadAssembly (129ms)
			ExecutionOrderSort (0ms)
			DisableScriptedObjects (5ms)
			BackupInstance (0ms)
			ReleaseScriptingObjects (0ms)
			CreateAndSetChildDomain (31ms)
		EndReloadAssembly (711ms)
			LoadAssemblies (83ms)
			RebuildTransferFunctionScriptingTraits (0ms)
			SetupTypeCache (219ms)
				TypeCache.Initialize (216ms)
					TypeCache.ScanAssembly (211ms)
				ResolveRequiredComponents (3ms)
			ReleaseScriptCaches (1ms)
			RebuildScriptCaches (36ms)
			SetupLoadedEditorAssemblies (318ms)
				LogAssemblyErrors (0ms)
				InitializePlatformSupportModulesInManaged (15ms)
				SetLoadedEditorAssemblies (6ms)
				RefreshPlugins (1ms)
				BeforeProcessingInitializeOnLoad (55ms)
				ProcessInitializeOnLoadAttributes (203ms)
				ProcessInitializeOnLoadMethodAttributes (23ms)
				AfterProcessingInitializeOnLoad (15ms)
				EditorAssembliesLoaded (0ms)
			ExecutionOrderSort2 (0ms)
			AwakeInstancesAfterBackupRestoration (11ms)
Platform modules already initialized, skipping
Refreshing native plugins compatible for Editor in 2.30 ms, found 2 plugins.
Preloading 0 native plugins for Editor in 0.00 ms.
Unloading 1870 Unused Serialized files (Serialized files now loaded: 0)
Unloading 14 unused Assets / (32.6 KB). Loaded Objects now: 2370.
Memory consumption went from 309.2 MB to 309.2 MB.
Total: 3.206500 ms (FindLiveObjects: 0.180100 ms CreateObjectMapping: 0.045100 ms MarkObjects: 2.949100 ms  DeleteObjects: 0.030900 ms)

AssetImportParameters requested are different than current active one (requested -> active):
  custom:video-decoder-ogg-theora: a1e56fd34408186e4bbccfd4996cb3dc -> 
  custom:container-muxer-webm: aa71ff27fc2769a1b78a27578f13a17b -> 
  custom:container-demuxer-webm: 4f35f7cbe854078d1ac9338744f61a02 -> 
  custom:video-encoder-webm-vp8: eb34c28f22e8b96e1ab97ce403110664 -> 
  custom:audio-encoder-webm-vorbis: bf7c407c2cedff20999df2af8eb42d56 -> 
  custom:framework-win-MediaFoundation: 216162199b28c13a410421893ffa2e32 -> 
  custom:container-demuxer-ogg: 62fdf1f143b41e24485cea50d1cbac27 -> 
  custom:video-decoder-webm-vp8: 9c59270c3fd7afecdb556c50c9e8de78 -> 
  custom:audio-decoder-ogg-vorbis: bf7c407c2cedff20999df2af8eb42d56 -> 
========================================================================
Received Prepare
Registering precompiled user dll's ...
Registered in 0.006823 seconds.
Begin MonoManager ReloadAssembly
Native extension for WindowsStandalone target not found
Native extension for WebGL target not found
Refreshing native plugins compatible for Editor in 0.57 ms, found 2 plugins.
Preloading 0 native plugins for Editor in 0.00 ms.
Mono: successfully reloaded assembly
- Completed reload, in  0.955 seconds
Domain Reload Profiling:
	ReloadAssembly (956ms)
		BeginReloadAssembly (131ms)
			ExecutionOrderSort (0ms)
			DisableScriptedObjects (5ms)
			BackupInstance (0ms)
			ReleaseScriptingObjects (0ms)
			CreateAndSetChildDomain (30ms)
		EndReloadAssembly (720ms)
			LoadAssemblies (84ms)
			RebuildTransferFunctionScriptingTraits (0ms)
			SetupTypeCache (230ms)
				TypeCache.Initialize (226ms)
					TypeCache.ScanAssembly (221ms)
				ResolveRequiredComponents (4ms)
			ReleaseScriptCaches (1ms)
			RebuildScriptCaches (37ms)
			SetupLoadedEditorAssemblies (316ms)
				LogAssemblyErrors (0ms)
				InitializePlatformSupportModulesInManaged (13ms)
				SetLoadedEditorAssemblies (6ms)
				RefreshPlugins (1ms)
				BeforeProcessingInitializeOnLoad (58ms)
				ProcessInitializeOnLoadAttributes (201ms)
				ProcessInitializeOnLoadMethodAttributes (23ms)
				AfterProcessingInitializeOnLoad (15ms)
				EditorAssembliesLoaded (0ms)
			ExecutionOrderSort2 (0ms)
			AwakeInstancesAfterBackupRestoration (11ms)
Platform modules already initialized, skipping
Refreshing native plugins compatible for Editor in 1.93 ms, found 2 plugins.
Preloading 0 native plugins for Editor in 0.00 ms.
Unloading 1870 Unused Serialized files (Serialized files now loaded: 0)
Unloading 14 unused Assets / (32.6 KB). Loaded Objects now: 2373.
Memory consumption went from 309.2 MB to 309.2 MB.
Total: 2.783000 ms (FindLiveObjects: 0.216200 ms CreateObjectMapping: 0.045800 ms MarkObjects: 2.496100 ms  DeleteObjects: 0.023900 ms)

AssetImportParameters requested are different than current active one (requested -> active):
  custom:video-decoder-ogg-theora: a1e56fd34408186e4bbccfd4996cb3dc -> 
  custom:container-muxer-webm: aa71ff27fc2769a1b78a27578f13a17b -> 
  custom:container-demuxer-webm: 4f35f7cbe854078d1ac9338744f61a02 -> 
  custom:video-encoder-webm-vp8: eb34c28f22e8b96e1ab97ce403110664 -> 
  custom:audio-encoder-webm-vorbis: bf7c407c2cedff20999df2af8eb42d56 -> 
  custom:framework-win-MediaFoundation: 216162199b28c13a410421893ffa2e32 -> 
  custom:container-demuxer-ogg: 62fdf1f143b41e24485cea50d1cbac27 -> 
  custom:video-decoder-webm-vp8: 9c59270c3fd7afecdb556c50c9e8de78 -> 
  custom:audio-decoder-ogg-vorbis: bf7c407c2cedff20999df2af8eb42d56 -> 
========================================================================
Received Prepare
Registering precompiled user dll's ...
Registered in 0.006546 seconds.
Begin MonoManager ReloadAssembly
Native extension for WindowsStandalone target not found
Native extension for WebGL target not found
Refreshing native plugins compatible for Editor in 0.57 ms, found 2 plugins.
Preloading 0 native plugins for Editor in 0.00 ms.
Mono: successfully reloaded assembly
- Completed reload, in  0.936 seconds
Domain Reload Profiling:
	ReloadAssembly (937ms)
		BeginReloadAssembly (132ms)
			ExecutionOrderSort (0ms)
			DisableScriptedObjects (5ms)
			BackupInstance (0ms)
			ReleaseScriptingObjects (0ms)
			CreateAndSetChildDomain (30ms)
		EndReloadAssembly (705ms)
			LoadAssemblies (83ms)
			RebuildTransferFunctionScriptingTraits (0ms)
			SetupTypeCache (217ms)
				TypeCache.Initialize (214ms)
					TypeCache.ScanAssembly (207ms)
				ResolveRequiredComponents (3ms)
			ReleaseScriptCaches (1ms)
			RebuildScriptCaches (36ms)
			SetupLoadedEditorAssemblies (321ms)
				LogAssemblyErrors (0ms)
				InitializePlatformSupportModulesInManaged (12ms)
				SetLoadedEditorAssemblies (5ms)
				RefreshPlugins (1ms)
				BeforeProcessingInitializeOnLoad (59ms)
				ProcessInitializeOnLoadAttributes (200ms)
				ProcessInitializeOnLoadMethodAttributes (28ms)
				AfterProcessingInitializeOnLoad (15ms)
				EditorAssembliesLoaded (0ms)
			ExecutionOrderSort2 (0ms)
			AwakeInstancesAfterBackupRestoration (11ms)
Platform modules already initialized, skipping
Refreshing native plugins compatible for Editor in 2.16 ms, found 2 plugins.
Preloading 0 native plugins for Editor in 0.00 ms.
Unloading 1870 Unused Serialized files (Serialized files now loaded: 0)
Unloading 14 unused Assets / (32.5 KB). Loaded Objects now: 2376.
Memory consumption went from 309.2 MB to 309.2 MB.
Total: 3.323600 ms (FindLiveObjects: 0.196900 ms CreateObjectMapping: 0.044800 ms MarkObjects: 3.050500 ms  DeleteObjects: 0.030400 ms)

AssetImportParameters requested are different than current active one (requested -> active):
  custom:video-decoder-ogg-theora: a1e56fd34408186e4bbccfd4996cb3dc -> 
  custom:container-muxer-webm: aa71ff27fc2769a1b78a27578f13a17b -> 
  custom:container-demuxer-webm: 4f35f7cbe854078d1ac9338744f61a02 -> 
  custom:video-encoder-webm-vp8: eb34c28f22e8b96e1ab97ce403110664 -> 
  custom:audio-encoder-webm-vorbis: bf7c407c2cedff20999df2af8eb42d56 -> 
  custom:framework-win-MediaFoundation: 216162199b28c13a410421893ffa2e32 -> 
  custom:container-demuxer-ogg: 62fdf1f143b41e24485cea50d1cbac27 -> 
  custom:video-decoder-webm-vp8: 9c59270c3fd7afecdb556c50c9e8de78 -> 
  custom:audio-decoder-ogg-vorbis: bf7c407c2cedff20999df2af8eb42d56 -> 
========================================================================
Received Prepare
Registering precompiled user dll's ...
Registered in 0.009716 seconds.
Begin MonoManager ReloadAssembly
Native extension for WindowsStandalone target not found
Native extension for WebGL target not found
Refreshing native plugins compatible for Editor in 0.57 ms, found 2 plugins.
Preloading 0 native plugins for Editor in 0.00 ms.
Mono: successfully reloaded assembly
- Completed reload, in  0.955 seconds
Domain Reload Profiling:
	ReloadAssembly (956ms)
		BeginReloadAssembly (129ms)
			ExecutionOrderSort (0ms)
			DisableScriptedObjects (5ms)
			BackupInstance (0ms)
			ReleaseScriptingObjects (0ms)
			CreateAndSetChildDomain (30ms)
		EndReloadAssembly (724ms)
			LoadAssemblies (83ms)
			RebuildTransferFunctionScriptingTraits (0ms)
			SetupTypeCache (225ms)
				TypeCache.Initialize (223ms)
					TypeCache.ScanAssembly (217ms)
				ResolveRequiredComponents (3ms)
			ReleaseScriptCaches (1ms)
			RebuildScriptCaches (36ms)
			SetupLoadedEditorAssemblies (318ms)
				LogAssemblyErrors (0ms)
				InitializePlatformSupportModulesInManaged (13ms)
				SetLoadedEditorAssemblies (6ms)
				RefreshPlugins (1ms)
				BeforeProcessingInitializeOnLoad (58ms)
				ProcessInitializeOnLoadAttributes (198ms)
				ProcessInitializeOnLoadMethodAttributes (26ms)
				AfterProcessingInitializeOnLoad (17ms)
				EditorAssembliesLoaded (0ms)
			ExecutionOrderSort2 (0ms)
			AwakeInstancesAfterBackupRestoration (12ms)
Platform modules already initialized, skipping
Refreshing native plugins compatible for Editor in 2.50 ms, found 2 plugins.
Preloading 0 native plugins for Editor in 0.00 ms.
Unloading 1870 Unused Serialized files (Serialized files now loaded: 0)
Unloading 14 unused Assets / (32.5 KB). Loaded Objects now: 2379.
Memory consumption went from 309.2 MB to 309.2 MB.
Total: 2.659400 ms (FindLiveObjects: 0.186100 ms CreateObjectMapping: 0.045400 ms MarkObjects: 2.397200 ms  DeleteObjects: 0.029800 ms)

AssetImportParameters requested are different than current active one (requested -> active):
  custom:video-decoder-ogg-theora: a1e56fd34408186e4bbccfd4996cb3dc -> 
  custom:container-muxer-webm: aa71ff27fc2769a1b78a27578f13a17b -> 
  custom:container-demuxer-webm: 4f35f7cbe854078d1ac9338744f61a02 -> 
  custom:video-encoder-webm-vp8: eb34c28f22e8b96e1ab97ce403110664 -> 
  custom:audio-encoder-webm-vorbis: bf7c407c2cedff20999df2af8eb42d56 -> 
  custom:framework-win-MediaFoundation: 216162199b28c13a410421893ffa2e32 -> 
  custom:container-demuxer-ogg: 62fdf1f143b41e24485cea50d1cbac27 -> 
  custom:video-decoder-webm-vp8: 9c59270c3fd7afecdb556c50c9e8de78 -> 
  custom:audio-decoder-ogg-vorbis: bf7c407c2cedff20999df2af8eb42d56 -> 
========================================================================
Received Prepare
Registering precompiled user dll's ...
Registered in 0.007375 seconds.
Begin MonoManager ReloadAssembly
Native extension for WindowsStandalone target not found
Native extension for WebGL target not found
Refreshing native plugins compatible for Editor in 0.62 ms, found 2 plugins.
Preloading 0 native plugins for Editor in 0.00 ms.
Mono: successfully reloaded assembly
- Completed reload, in  0.946 seconds
Domain Reload Profiling:
	ReloadAssembly (946ms)
		BeginReloadAssembly (130ms)
			ExecutionOrderSort (0ms)
			DisableScriptedObjects (5ms)
			BackupInstance (0ms)
			ReleaseScriptingObjects (0ms)
			CreateAndSetChildDomain (32ms)
		EndReloadAssembly (713ms)
			LoadAssemblies (80ms)
			RebuildTransferFunctionScriptingTraits (0ms)
			SetupTypeCache (217ms)
				TypeCache.Initialize (215ms)
					TypeCache.ScanAssembly (209ms)
				ResolveRequiredComponents (3ms)
			ReleaseScriptCaches (1ms)
			RebuildScriptCaches (36ms)
			SetupLoadedEditorAssemblies (322ms)
				LogAssemblyErrors (0ms)
				InitializePlatformSupportModulesInManaged (14ms)
				SetLoadedEditorAssemblies (6ms)
				RefreshPlugins (1ms)
				BeforeProcessingInitializeOnLoad (62ms)
				ProcessInitializeOnLoadAttributes (198ms)
				ProcessInitializeOnLoadMethodAttributes (25ms)
				AfterProcessingInitializeOnLoad (16ms)
				EditorAssembliesLoaded (0ms)
			ExecutionOrderSort2 (0ms)
			AwakeInstancesAfterBackupRestoration (14ms)
Platform modules already initialized, skipping
Refreshing native plugins compatible for Editor in 2.41 ms, found 2 plugins.
Preloading 0 native plugins for Editor in 0.00 ms.
Unloading 1870 Unused Serialized files (Serialized files now loaded: 0)
Unloading 14 unused Assets / (32.6 KB). Loaded Objects now: 2382.
Memory consumption went from 309.2 MB to 309.2 MB.
Total: 3.082100 ms (FindLiveObjects: 0.283800 ms CreateObjectMapping: 0.048300 ms MarkObjects: 2.706900 ms  DeleteObjects: 0.041400 ms)

AssetImportParameters requested are different than current active one (requested -> active):
  custom:video-decoder-ogg-theora: a1e56fd34408186e4bbccfd4996cb3dc -> 
  custom:container-muxer-webm: aa71ff27fc2769a1b78a27578f13a17b -> 
  custom:container-demuxer-webm: 4f35f7cbe854078d1ac9338744f61a02 -> 
  custom:video-encoder-webm-vp8: eb34c28f22e8b96e1ab97ce403110664 -> 
  custom:audio-encoder-webm-vorbis: bf7c407c2cedff20999df2af8eb42d56 -> 
  custom:framework-win-MediaFoundation: 216162199b28c13a410421893ffa2e32 -> 
  custom:container-demuxer-ogg: 62fdf1f143b41e24485cea50d1cbac27 -> 
  custom:video-decoder-webm-vp8: 9c59270c3fd7afecdb556c50c9e8de78 -> 
  custom:audio-decoder-ogg-vorbis: bf7c407c2cedff20999df2af8eb42d56 -> 
========================================================================
Received Prepare
Registering precompiled user dll's ...
Registered in 0.006893 seconds.
Begin MonoManager ReloadAssembly
Native extension for WindowsStandalone target not found
Native extension for WebGL target not found
Refreshing native plugins compatible for Editor in 0.71 ms, found 2 plugins.
Preloading 0 native plugins for Editor in 0.00 ms.
Mono: successfully reloaded assembly
- Completed reload, in  0.937 seconds
Domain Reload Profiling:
	ReloadAssembly (937ms)
		BeginReloadAssembly (129ms)
			ExecutionOrderSort (0ms)
			DisableScriptedObjects (5ms)
			BackupInstance (0ms)
			ReleaseScriptingObjects (0ms)
			CreateAndSetChildDomain (32ms)
		EndReloadAssembly (707ms)
			LoadAssemblies (80ms)
			RebuildTransferFunctionScriptingTraits (0ms)
			SetupTypeCache (218ms)
				TypeCache.Initialize (215ms)
					TypeCache.ScanAssembly (209ms)
				ResolveRequiredComponents (3ms)
			ReleaseScriptCaches (1ms)
			RebuildScriptCaches (35ms)
			SetupLoadedEditorAssemblies (315ms)
				LogAssemblyErrors (0ms)
				InitializePlatformSupportModulesInManaged (14ms)
				SetLoadedEditorAssemblies (6ms)
				RefreshPlugins (1ms)
				BeforeProcessingInitializeOnLoad (54ms)
				ProcessInitializeOnLoadAttributes (202ms)
				ProcessInitializeOnLoadMethodAttributes (25ms)
				AfterProcessingInitializeOnLoad (14ms)
				EditorAssembliesLoaded (0ms)
			ExecutionOrderSort2 (0ms)
			AwakeInstancesAfterBackupRestoration (11ms)
Platform modules already initialized, skipping
Refreshing native plugins compatible for Editor in 1.92 ms, found 2 plugins.
Preloading 0 native plugins for Editor in 0.00 ms.
Unloading 1870 Unused Serialized files (Serialized files now loaded: 0)
Unloading 14 unused Assets / (32.5 KB). Loaded Objects now: 2385.
Memory consumption went from 309.2 MB to 309.2 MB.
Total: 2.613300 ms (FindLiveObjects: 0.177100 ms CreateObjectMapping: 0.046400 ms MarkObjects: 2.364300 ms  DeleteObjects: 0.024300 ms)

AssetImportParameters requested are different than current active one (requested -> active):
  custom:video-decoder-ogg-theora: a1e56fd34408186e4bbccfd4996cb3dc -> 
  custom:container-muxer-webm: aa71ff27fc2769a1b78a27578f13a17b -> 
  custom:container-demuxer-webm: 4f35f7cbe854078d1ac9338744f61a02 -> 
  custom:video-encoder-webm-vp8: eb34c28f22e8b96e1ab97ce403110664 -> 
  custom:audio-encoder-webm-vorbis: bf7c407c2cedff20999df2af8eb42d56 -> 
  custom:framework-win-MediaFoundation: 216162199b28c13a410421893ffa2e32 -> 
  custom:container-demuxer-ogg: 62fdf1f143b41e24485cea50d1cbac27 -> 
  custom:video-decoder-webm-vp8: 9c59270c3fd7afecdb556c50c9e8de78 -> 
  custom:audio-decoder-ogg-vorbis: bf7c407c2cedff20999df2af8eb42d56 -> 
========================================================================
Received Import Request.
  Time since last request: 3896.235775 seconds.
  path: Assets/RPG Monster DUO PBR Polyart/Materials/Albedo.mat
  artifactKey: Guid(e38ae3bd014e80f44b659aa0ee2b611e) Importer(815301076,1909f56bfc062723c751e8b465ee728b)
Start importing Assets/RPG Monster DUO PBR Polyart/Materials/Albedo.mat using Guid(e38ae3bd014e80f44b659aa0ee2b611e) Importer(815301076,1909f56bfc062723c751e8b465ee728b)  -> (artifact id: '227939c6f4b277e70b8b980c6bc3b3d7') in 0.125658 seconds 
========================================================================
Received Import Request.
  Time since last request: 0.263187 seconds.
  path: Assets/AllSkyFree/_AllSkyFreeDemoEnvironment/Materials/AllSkyDemoEnv_Flag_Gold.mat
  artifactKey: Guid(01a7bc73373864398befa5c72ebb094c) Importer(815301076,1909f56bfc062723c751e8b465ee728b)
Start importing Assets/AllSkyFree/_AllSkyFreeDemoEnvironment/Materials/AllSkyDemoEnv_Flag_Gold.mat using Guid(01a7bc73373864398befa5c72ebb094c) Importer(815301076,1909f56bfc062723c751e8b465ee728b)  -> (artifact id: 'a0acad6a39851ee4e77a7f3418a175bd') in 0.012206 seconds 
========================================================================
Received Import Request.
  Time since last request: 0.371236 seconds.
  path: Assets/AllSkyFree/_AllSkyFreeDemoEnvironment/Materials/AllSkyDemoEnv_Flag_Red.mat
  artifactKey: Guid(33230baef4dda4cf4bd25fcb15d0d06f) Importer(815301076,1909f56bfc062723c751e8b465ee728b)
Start importing Assets/AllSkyFree/_AllSkyFreeDemoEnvironment/Materials/AllSkyDemoEnv_Flag_Red.mat using Guid(33230baef4dda4cf4bd25fcb15d0d06f) Importer(815301076,1909f56bfc062723c751e8b465ee728b)  -> (artifact id: '1a0bb0f28431c5ef44beb763076e1964') in 0.011827 seconds 
========================================================================
Received Import Request.
  Time since last request: 0.000017 seconds.
  path: Assets/TextMesh Pro/Examples & Extras/Resources/Fonts & Materials/Anton SDF.asset
  artifactKey: Guid(8a89fa14b10d46a99122fd4f73fca9a2) Importer(815301076,1909f56bfc062723c751e8b465ee728b)
Start importing Assets/TextMesh Pro/Examples & Extras/Resources/Fonts & Materials/Anton SDF.asset using Guid(8a89fa14b10d46a99122fd4f73fca9a2) Importer(815301076,1909f56bfc062723c751e8b465ee728b)  -> (artifact id: 'e1e3c3ab61ec65fd34c862db7231d2a5') in 0.035004 seconds 
========================================================================
Received Import Request.
  Time since last request: 0.000021 seconds.
  path: Assets/AllSkyFree/Deep Dusk/Materials/Deep Dusk__Cam_2_Left+X.mat
  artifactKey: Guid(01c9de21b78fe284795b6fe9f01123cf) Importer(815301076,1909f56bfc062723c751e8b465ee728b)
Start importing Assets/AllSkyFree/Deep Dusk/Materials/Deep Dusk__Cam_2_Left+X.mat using Guid(01c9de21b78fe284795b6fe9f01123cf) Importer(815301076,1909f56bfc062723c751e8b465ee728b)  -> (artifact id: 'bab9268e0d36a4df5cf0e20768f52a72') in 0.022178 seconds 
========================================================================
Received Import Request.
  Time since last request: 0.000022 seconds.
  path: Assets/AllSkyFree/_AllSkyFreeDemoEnvironment/Materials/AllSkyDemoEnv_TreeTrunk.mat
  artifactKey: Guid(52d55542834f2465eb9aed460fd370de) Importer(815301076,1909f56bfc062723c751e8b465ee728b)
Start importing Assets/AllSkyFree/_AllSkyFreeDemoEnvironment/Materials/AllSkyDemoEnv_TreeTrunk.mat using Guid(52d55542834f2465eb9aed460fd370de) Importer(815301076,1909f56bfc062723c751e8b465ee728b)  -> (artifact id: 'edbf05da2defbfc61b41402fb95b218c') in 0.011505 seconds 
========================================================================
Received Import Request.
  Time since last request: 0.000025 seconds.
  path: Assets/TextMesh Pro/Examples & Extras/Fonts/Roboto-Bold.ttf
  artifactKey: Guid(4beb055f07aaff244873dec698d0363e) Importer(815301076,1909f56bfc062723c751e8b465ee728b)
Start importing Assets/TextMesh Pro/Examples & Extras/Fonts/Roboto-Bold.ttf using Guid(4beb055f07aaff244873dec698d0363e) Importer(815301076,1909f56bfc062723c751e8b465ee728b)  -> (artifact id: 'a431ebed651ede058e2008e6da95a116') in 0.053593 seconds 
========================================================================
Received Import Request.
  Time since last request: 0.000027 seconds.
  path: Assets/Ground textures pack/Grass 03/Materials/diffuse.mat
  artifactKey: Guid(e3754b7ee40d30c458fde2e85bac7535) Importer(815301076,1909f56bfc062723c751e8b465ee728b)
Start importing Assets/Ground textures pack/Grass 03/Materials/diffuse.mat using Guid(e3754b7ee40d30c458fde2e85bac7535) Importer(815301076,1909f56bfc062723c751e8b465ee728b)  -> (artifact id: '8eee84593f784f558f08290c6db70862') in 0.014708 seconds 
========================================================================
Received Import Request.
  Time since last request: 0.000018 seconds.
  path: Assets/AllSkyFree/_AllSkyFreeDemoEnvironment/Materials/AllSkyDemoEnv_TreeLeaves.mat
  artifactKey: Guid(2f31f4440de60444b8dd94d4d64b3c00) Importer(815301076,1909f56bfc062723c751e8b465ee728b)
Start importing Assets/AllSkyFree/_AllSkyFreeDemoEnvironment/Materials/AllSkyDemoEnv_TreeLeaves.mat using Guid(2f31f4440de60444b8dd94d4d64b3c00) Importer(815301076,1909f56bfc062723c751e8b465ee728b)  -> (artifact id: 'd84d67793ab06ab3dde33066155d28bd') in 0.012924 seconds 
========================================================================
Received Import Request.
  Time since last request: 0.000025 seconds.
  path: Assets/TextMesh Pro/Examples & Extras/Resources/Fonts & Materials/Bangers SDF.asset
  artifactKey: Guid(125cb55b44b24c4393181402bc6200e6) Importer(815301076,1909f56bfc062723c751e8b465ee728b)
Start importing Assets/TextMesh Pro/Examples & Extras/Resources/Fonts & Materials/Bangers SDF.asset using Guid(125cb55b44b24c4393181402bc6200e6) Importer(815301076,1909f56bfc062723c751e8b465ee728b)  -> (artifact id: '65462d2aa251b5d46d59b1004d373684') in 0.017121 seconds 
========================================================================
Received Import Request.
  Time since last request: 0.000029 seconds.
  path: Assets/AllSkyFree/Cartoon Base NightSky/Cartoon Base NightSky.mat
  artifactKey: Guid(aa78c8d403a8547fe86d1f74239e6b03) Importer(815301076,1909f56bfc062723c751e8b465ee728b)
Start importing Assets/AllSkyFree/Cartoon Base NightSky/Cartoon Base NightSky.mat using Guid(aa78c8d403a8547fe86d1f74239e6b03) Importer(815301076,1909f56bfc062723c751e8b465ee728b)  -> (artifact id: '7f85477acd0edbf61028972b59c86ef3') in 0.051451 seconds 
========================================================================
Received Import Request.
  Time since last request: 0.000028 seconds.
  path: Assets/AllSkyFree/_AllSkyFreeDemoEnvironment/Materials/AllSkyDemoEnv_SphereSkyReflect.mat
  artifactKey: Guid(6b37186f17556447eb6746e517892110) Importer(815301076,1909f56bfc062723c751e8b465ee728b)
Start importing Assets/AllSkyFree/_AllSkyFreeDemoEnvironment/Materials/AllSkyDemoEnv_SphereSkyReflect.mat using Guid(6b37186f17556447eb6746e517892110) Importer(815301076,1909f56bfc062723c751e8b465ee728b)  -> (artifact id: 'bb0262b1954318847f42de14db55f68b') in 0.233237 seconds 
========================================================================
Received Import Request.
  Time since last request: 0.000041 seconds.
  path: Assets/Little_Ghost2/Materials/Ghost/Ghost_2.mat
  artifactKey: Guid(78b1d58f8931b82478961e4ed94b1825) Importer(815301076,1909f56bfc062723c751e8b465ee728b)
Start importing Assets/Little_Ghost2/Materials/Ghost/Ghost_2.mat using Guid(78b1d58f8931b82478961e4ed94b1825) Importer(815301076,1909f56bfc062723c751e8b465ee728b)  -> (artifact id: 'af16532589a4ac9377c6a74737678282') in 0.040588 seconds 
========================================================================
Received Import Request.
  Time since last request: 0.000028 seconds.
  path: Assets/AllSkyFree/_AllSkyFreeDemoEnvironment/Materials/AllSkyDemoEnv_Rock.mat
  artifactKey: Guid(bfe0cbb8b308b4a40a8f309f516eede2) Importer(815301076,1909f56bfc062723c751e8b465ee728b)
Start importing Assets/AllSkyFree/_AllSkyFreeDemoEnvironment/Materials/AllSkyDemoEnv_Rock.mat using Guid(bfe0cbb8b308b4a40a8f309f516eede2) Importer(815301076,1909f56bfc062723c751e8b465ee728b)  -> (artifact id: '5ef3d60b5eb9bf5da19189688742ce5f') in 0.011871 seconds 
========================================================================
Received Import Request.
  Time since last request: 0.000020 seconds.
  path: Assets/AllSkyFree/Cartoon Base NightSky/Cartoon Base NightSky Equirect.mat
  artifactKey: Guid(3a6db933fef1d4c759bf21220420505f) Importer(815301076,1909f56bfc062723c751e8b465ee728b)
Start importing Assets/AllSkyFree/Cartoon Base NightSky/Cartoon Base NightSky Equirect.mat using Guid(3a6db933fef1d4c759bf21220420505f) Importer(815301076,1909f56bfc062723c751e8b465ee728b)  -> (artifact id: '21e81b6e0862772004a1b67cb67ee275') in 0.038515 seconds 
========================================================================
Received Import Request.
  Time since last request: 0.000022 seconds.
  path: Assets/Fonts/dungeons-font/Dungeons-Mz3w.ttf
  artifactKey: Guid(82644d8296a3e524aac5923022a3e4a7) Importer(815301076,1909f56bfc062723c751e8b465ee728b)
Start importing Assets/Fonts/dungeons-font/Dungeons-Mz3w.ttf using Guid(82644d8296a3e524aac5923022a3e4a7) Importer(815301076,1909f56bfc062723c751e8b465ee728b)  -> (artifact id: '92a948219474e31c299846d58994d6c0') in 0.013829 seconds 
========================================================================
Received Import Request.
  Time since last request: 0.000021 seconds.
  path: Assets/Low Poly Fire/Materials/Fire Wood.mat
  artifactKey: Guid(f2d08b29abc444346916782c222f2c4a) Importer(815301076,1909f56bfc062723c751e8b465ee728b)
Start importing Assets/Low Poly Fire/Materials/Fire Wood.mat using Guid(f2d08b29abc444346916782c222f2c4a) Importer(815301076,1909f56bfc062723c751e8b465ee728b)  -> (artifact id: '0ef2833bd20169e88708e5d3fd5a62b8') in 0.151330 seconds 
========================================================================
Received Import Request.
  Time since last request: 0.000024 seconds.
  path: Assets/Fonts/dungeons-font/Dungeons-D6mE SDF.asset
  artifactKey: Guid(8275bff817e8b254594b3dcc92c7e174) Importer(815301076,1909f56bfc062723c751e8b465ee728b)
Start importing Assets/Fonts/dungeons-font/Dungeons-D6mE SDF.asset using Guid(8275bff817e8b254594b3dcc92c7e174) Importer(815301076,1909f56bfc062723c751e8b465ee728b)  -> (artifact id: 'e0c9bd12f54bf0c52adc384823014351') in 0.022840 seconds 
========================================================================
Received Import Request.
  Time since last request: 0.000033 seconds.
  path: Assets/TextMesh Pro/Examples & Extras/Materials/Crate - Surface Shader Scene.mat
  artifactKey: Guid(e6b9b44320f4448d9d5e0ee634259966) Importer(815301076,1909f56bfc062723c751e8b465ee728b)
Start importing Assets/TextMesh Pro/Examples & Extras/Materials/Crate - Surface Shader Scene.mat using Guid(e6b9b44320f4448d9d5e0ee634259966) Importer(815301076,1909f56bfc062723c751e8b465ee728b)  -> (artifact id: '2503c28a6f49a7e95dda49e096a677e4') in 0.229319 seconds 
========================================================================
Received Import Request.
  Time since last request: 0.000026 seconds.
  path: Assets/Fonts/breathe-fire-ii-font/dungeons-font/Dungeons-Mz3w.ttf
  artifactKey: Guid(675baa0bfe5a536429646888a5ed17a3) Importer(815301076,1909f56bfc062723c751e8b465ee728b)
Start importing Assets/Fonts/breathe-fire-ii-font/dungeons-font/Dungeons-Mz3w.ttf using Guid(675baa0bfe5a536429646888a5ed17a3) Importer(815301076,1909f56bfc062723c751e8b465ee728b)  -> (artifact id: 'f9b1a2375433d54317c90d96d7c1f0e2') in 0.013351 seconds 
========================================================================
Received Import Request.
  Time since last request: 0.000027 seconds.
  path: Assets/TextMesh Pro/Examples & Extras/Fonts/Bangers.ttf
  artifactKey: Guid(5dd49b3eacc540408c98eee0de38e0f1) Importer(815301076,1909f56bfc062723c751e8b465ee728b)
Start importing Assets/TextMesh Pro/Examples & Extras/Fonts/Bangers.ttf using Guid(5dd49b3eacc540408c98eee0de38e0f1) Importer(815301076,1909f56bfc062723c751e8b465ee728b)  -> (artifact id: 'a93bbc4178a28a98f81882f6e3df23b7') in 0.013877 seconds 
========================================================================
Received Import Request.
  Time since last request: 0.000026 seconds.
  path: Assets/AllSkyFree/Cartoon Base BlueSky/Day_BlueSky_Nothing.mat
  artifactKey: Guid(c56e28e54cac24b04ae3dd957d214534) Importer(815301076,1909f56bfc062723c751e8b465ee728b)
Start importing Assets/AllSkyFree/Cartoon Base BlueSky/Day_BlueSky_Nothing.mat using Guid(c56e28e54cac24b04ae3dd957d214534) Importer(815301076,1909f56bfc062723c751e8b465ee728b)  -> (artifact id: '04d3b9840385b2ae5ce5588afead775a') in 0.020989 seconds 
========================================================================
Received Import Request.
  Time since last request: 0.000019 seconds.
  path: Assets/Ground textures pack/Ground & moss/Materials/diffuse.mat
  artifactKey: Guid(4d382b226cc7bec4f8740be6aac55a91) Importer(815301076,1909f56bfc062723c751e8b465ee728b)
Start importing Assets/Ground textures pack/Ground & moss/Materials/diffuse.mat using Guid(4d382b226cc7bec4f8740be6aac55a91) Importer(815301076,1909f56bfc062723c751e8b465ee728b)  -> (artifact id: '2b1c07fcaed628bb9a5bd525c4cc7c42') in 0.013536 seconds 
========================================================================
Received Import Request.
  Time since last request: 0.000019 seconds.
  path: Assets/Fonts/dungeons-font/Dungeons-D6mE.ttf
  artifactKey: Guid(8eea2fa69b82761499eac8347fb8a406) Importer(815301076,1909f56bfc062723c751e8b465ee728b)
Start importing Assets/Fonts/dungeons-font/Dungeons-D6mE.ttf using Guid(8eea2fa69b82761499eac8347fb8a406) Importer(815301076,1909f56bfc062723c751e8b465ee728b)  -> (artifact id: 'f2957b1010876e5c29e22d6d1bc7aa1d') in 0.013678 seconds 
========================================================================
Received Import Request.
  Time since last request: 0.000022 seconds.
  path: Assets/Ground textures pack/Grass & rocks/Materials/diffuse.mat
  artifactKey: Guid(6747b1ea075a6954980597a56092a511) Importer(815301076,1909f56bfc062723c751e8b465ee728b)
Start importing Assets/Ground textures pack/Grass & rocks/Materials/diffuse.mat using Guid(6747b1ea075a6954980597a56092a511) Importer(815301076,1909f56bfc062723c751e8b465ee728b)  -> (artifact id: '2668cf111337626cb0ec24b956f2a18f') in 0.012815 seconds 
========================================================================
Received Import Request.
  Time since last request: 0.000033 seconds.
  path: Assets/Ground textures pack/Grass 06/Materials/diffuse.mat
  artifactKey: Guid(91a34a38a49931f4f9102d8778ed3630) Importer(815301076,1909f56bfc062723c751e8b465ee728b)
Start importing Assets/Ground textures pack/Grass 06/Materials/diffuse.mat using Guid(91a34a38a49931f4f9102d8778ed3630) Importer(815301076,1909f56bfc062723c751e8b465ee728b)  -> (artifact id: '69d279cadc8ae31c348f6294648651e4') in 0.013814 seconds 
========================================================================
Received Import Request.
  Time since last request: 0.000021 seconds.
  path: Assets/Ground textures pack/Grass 04/Materials/diffuse.mat
  artifactKey: Guid(e9c17d9b93d33c049a7c7e44d29dd1f2) Importer(815301076,1909f56bfc062723c751e8b465ee728b)
Start importing Assets/Ground textures pack/Grass 04/Materials/diffuse.mat using Guid(e9c17d9b93d33c049a7c7e44d29dd1f2) Importer(815301076,1909f56bfc062723c751e8b465ee728b)  -> (artifact id: '0e9a0002bdb30aa45ee20ec5b88d1d40') in 0.014220 seconds 
========================================================================
Received Import Request.
  Time since last request: 0.000018 seconds.
  path: Assets/AllSkyFree/_AllSkyFreeDemoEnvironment/Materials/AllSkyDemoEnv_Building.mat
  artifactKey: Guid(4ecd3f24879b0402c92f21617e3db5e1) Importer(815301076,1909f56bfc062723c751e8b465ee728b)
Start importing Assets/AllSkyFree/_AllSkyFreeDemoEnvironment/Materials/AllSkyDemoEnv_Building.mat using Guid(4ecd3f24879b0402c92f21617e3db5e1) Importer(815301076,1909f56bfc062723c751e8b465ee728b)  -> (artifact id: '7bd1c3af20df431b4c205256232fa16d') in 0.011790 seconds 
========================================================================
Received Import Request.
  Time since last request: 0.000029 seconds.
  path: Assets/Fonts/breathe-fire-ii-font/dungeons-font/Dungeons-D6mE.ttf
  artifactKey: Guid(967827ea55132524ab30a9cbe01de0ae) Importer(815301076,1909f56bfc062723c751e8b465ee728b)
Start importing Assets/Fonts/breathe-fire-ii-font/dungeons-font/Dungeons-D6mE.ttf using Guid(967827ea55132524ab30a9cbe01de0ae) Importer(815301076,1909f56bfc062723c751e8b465ee728b)  -> (artifact id: '18535513880efab32faf6beb613a6432') in 0.013274 seconds 
========================================================================
Received Import Request.
  Time since last request: 1.447103 seconds.
  path: Assets/TextMesh Pro/Examples & Extras/Materials/Ground - Logo Scene.mat
  artifactKey: Guid(c719e38f25a9480abd2480ab621a2949) Importer(815301076,1909f56bfc062723c751e8b465ee728b)
Start importing Assets/TextMesh Pro/Examples & Extras/Materials/Ground - Logo Scene.mat using Guid(c719e38f25a9480abd2480ab621a2949) Importer(815301076,1909f56bfc062723c751e8b465ee728b)  -> (artifact id: 'c23ac1f1780997cb1bda02d8a90c2440') in 0.013281 seconds 
========================================================================
Received Import Request.
  Time since last request: 0.002820 seconds.
  path: Assets/AllSkyFree/_AllSkyFreeDemoEnvironment/Materials/Landscape.mat
  artifactKey: Guid(1045d2cff7dde4d3ab5feb4f0dbc7f8f) Importer(815301076,1909f56bfc062723c751e8b465ee728b)
Start importing Assets/AllSkyFree/_AllSkyFreeDemoEnvironment/Materials/Landscape.mat using Guid(1045d2cff7dde4d3ab5feb4f0dbc7f8f) Importer(815301076,1909f56bfc062723c751e8b465ee728b)  -> (artifact id: '3226b459fbe7258867dd749e85230029') in 0.011275 seconds 
========================================================================
Received Import Request.
  Time since last request: 0.000019 seconds.
  path: Assets/TextMesh Pro/Examples & Extras/Resources/Fonts & Materials/LiberationSans SDF - Overlay.mat
  artifactKey: Guid(9ad269c99dcf42b7aedefd83dd5a7b9d) Importer(815301076,1909f56bfc062723c751e8b465ee728b)
Start importing Assets/TextMesh Pro/Examples & Extras/Resources/Fonts & Materials/LiberationSans SDF - Overlay.mat using Guid(9ad269c99dcf42b7aedefd83dd5a7b9d) Importer(815301076,1909f56bfc062723c751e8b465ee728b)  -> (artifact id: '4005b553f72736dd37483d0933b6f33c') in 0.022972 seconds 
========================================================================
Received Import Request.
  Time since last request: 0.000025 seconds.
  path: Assets/TextMesh Pro/Resources/Fonts & Materials/LiberationSans SDF - Drop Shadow.mat
  artifactKey: Guid(e73a58f6e2794ae7b1b7e50b7fb811b0) Importer(815301076,1909f56bfc062723c751e8b465ee728b)
Start importing Assets/TextMesh Pro/Resources/Fonts & Materials/LiberationSans SDF - Drop Shadow.mat using Guid(e73a58f6e2794ae7b1b7e50b7fb811b0) Importer(815301076,1909f56bfc062723c751e8b465ee728b)  -> (artifact id: '10e7d02eeeee10a9a21f4fe2aa216e3e') in 0.074883 seconds 
========================================================================
Received Import Request.
  Time since last request: 0.000027 seconds.
  path: Assets/Little_Ghost2/Materials/Umbrella/Skin_03.mat
  artifactKey: Guid(60e3031de6f350d43b11816cda0ac086) Importer(815301076,1909f56bfc062723c751e8b465ee728b)
Start importing Assets/Little_Ghost2/Materials/Umbrella/Skin_03.mat using Guid(60e3031de6f350d43b11816cda0ac086) Importer(815301076,1909f56bfc062723c751e8b465ee728b)  -> (artifact id: '3951ce3d8c5148adcf8138b57a5b59e5') in 0.033882 seconds 
========================================================================
Received Import Request.
  Time since last request: 0.000017 seconds.
  path: Assets/TextMesh Pro/Examples & Extras/Resources/Fonts & Materials/Roboto-Bold SDF.asset
  artifactKey: Guid(5302535af1044152a457ed104f1f4b91) Importer(815301076,1909f56bfc062723c751e8b465ee728b)
Start importing Assets/TextMesh Pro/Examples & Extras/Resources/Fonts & Materials/Roboto-Bold SDF.asset using Guid(5302535af1044152a457ed104f1f4b91) Importer(815301076,1909f56bfc062723c751e8b465ee728b)  -> (artifact id: '96aeec535ff8d1173f802b0c63206849') in 0.015188 seconds 
========================================================================
Received Import Request.
  Time since last request: 0.000026 seconds.
  path: Assets/TextMesh Pro/Resources/Fonts & Materials/LiberationSans SDF.asset
  artifactKey: Guid(8f586378b4e144a9851e7b34d9b748ee) Importer(815301076,1909f56bfc062723c751e8b465ee728b)
Start importing Assets/TextMesh Pro/Resources/Fonts & Materials/LiberationSans SDF.asset using Guid(8f586378b4e144a9851e7b34d9b748ee) Importer(815301076,1909f56bfc062723c751e8b465ee728b)  -> (artifact id: '8c8324b0012215dfcaf1b3e7f2c909b2') in 0.036177 seconds 
========================================================================
Received Import Request.
  Time since last request: 0.000023 seconds.
  path: Assets/Little_Ghost2/Materials/Umbrella/Skin_02.mat
  artifactKey: Guid(9fdca7edd88921044aa3418a811e7d89) Importer(815301076,1909f56bfc062723c751e8b465ee728b)
Start importing Assets/Little_Ghost2/Materials/Umbrella/Skin_02.mat using Guid(9fdca7edd88921044aa3418a811e7d89) Importer(815301076,1909f56bfc062723c751e8b465ee728b)  -> (artifact id: '0817f4828cc0c7970c66dac5b364d7d2') in 0.017027 seconds 
========================================================================
Received Import Request.
  Time since last request: 0.000021 seconds.
  path: Assets/Pure Poly/Free Low Poly Nature Pack/Materials/PP_Ground.mat
  artifactKey: Guid(2f984dd1b63fbc24abdd916834492e6e) Importer(815301076,1909f56bfc062723c751e8b465ee728b)
Start importing Assets/Pure Poly/Free Low Poly Nature Pack/Materials/PP_Ground.mat using Guid(2f984dd1b63fbc24abdd916834492e6e) Importer(815301076,1909f56bfc062723c751e8b465ee728b)  -> (artifact id: '06bbdad1963f2b90e90d9494e0c6e790') in 0.011816 seconds 
========================================================================
Received Import Request.
  Time since last request: 0.000021 seconds.
  path: Assets/TextMesh Pro/Examples & Extras/Resources/Fonts & Materials/Roboto-Bold SDF - Surface.mat
  artifactKey: Guid(e6b276ec991f467aa14ef1f3cc665993) Importer(815301076,1909f56bfc062723c751e8b465ee728b)
Start importing Assets/TextMesh Pro/Examples & Extras/Resources/Fonts & Materials/Roboto-Bold SDF - Surface.mat using Guid(e6b276ec991f467aa14ef1f3cc665993) Importer(815301076,1909f56bfc062723c751e8b465ee728b)  -> (artifact id: '1a3845f861f2fff1dd555d36b20778e2') in 0.106031 seconds 
========================================================================
Received Import Request.
  Time since last request: 0.000023 seconds.
  path: Assets/Acorn Bringer Assets/Simplistic Low Poly Nature/Materials/Simplistic_Nature_Material.mat
  artifactKey: Guid(79c2511799a05394eacdeda576d89295) Importer(815301076,1909f56bfc062723c751e8b465ee728b)
Start importing Assets/Acorn Bringer Assets/Simplistic Low Poly Nature/Materials/Simplistic_Nature_Material.mat using Guid(79c2511799a05394eacdeda576d89295) Importer(815301076,1909f56bfc062723c751e8b465ee728b)  -> (artifact id: 'fe4708928f42fb68c91b23449413cff7') in 0.011072 seconds 
========================================================================
Received Import Request.
  Time since last request: 0.000033 seconds.
  path: Assets/Darth_Artisan/Free_Trees/Meshes/Materials/No Name.mat
  artifactKey: Guid(98189d553b7404d8290e447fb600ac6f) Importer(815301076,1909f56bfc062723c751e8b465ee728b)
Start importing Assets/Darth_Artisan/Free_Trees/Meshes/Materials/No Name.mat using Guid(98189d553b7404d8290e447fb600ac6f) Importer(815301076,1909f56bfc062723c751e8b465ee728b)  -> (artifact id: 'e092c528736eeea4a73e299597382816') in 0.011464 seconds 
========================================================================
Received Import Request.
  Time since last request: 0.000023 seconds.
  path: Assets/TextMesh Pro/Examples & Extras/Resources/Fonts & Materials/LiberationSans SDF - Metalic Green.mat
  artifactKey: Guid(8b29aaa3eec7468097ff07adfcf29ac9) Importer(815301076,1909f56bfc062723c751e8b465ee728b)
Start importing Assets/TextMesh Pro/Examples & Extras/Resources/Fonts & Materials/LiberationSans SDF - Metalic Green.mat using Guid(8b29aaa3eec7468097ff07adfcf29ac9) Importer(815301076,1909f56bfc062723c751e8b465ee728b)  -> (artifact id: '9dac22be4983c375654209afd3834c2a') in 0.117641 seconds 
========================================================================
Received Import Request.
  Time since last request: 45.387533 seconds.
  path: Assets/RPG Monster DUO PBR Polyart/Scenes/PBR/Directional Light.prefab
  artifactKey: Guid(8bba811d92d549f897884b92a6e2d2ab) Importer(815301076,1909f56bfc062723c751e8b465ee728b)
Start importing Assets/RPG Monster DUO PBR Polyart/Scenes/PBR/Directional Light.prefab using Guid(8bba811d92d549f897884b92a6e2d2ab) Importer(815301076,1909f56bfc062723c751e8b465ee728b)  -> (artifact id: 'f1d5219b36614f1382c1dceb9b6e4162') in 0.013744 seconds 
========================================================================
Received Import Request.
  Time since last request: 0.000022 seconds.
  path: Assets/RPG Monster DUO PBR Polyart/Scenes/PBR/Main Camera.prefab
  artifactKey: Guid(4c68eb80fcb34b9a8724fa3137371652) Importer(815301076,1909f56bfc062723c751e8b465ee728b)
Start importing Assets/RPG Monster DUO PBR Polyart/Scenes/PBR/Main Camera.prefab using Guid(4c68eb80fcb34b9a8724fa3137371652) Importer(815301076,1909f56bfc062723c751e8b465ee728b)  -> (artifact id: '316d0abffd52c2c8e3c1410b2dbc289e') in 0.006097 seconds 
========================================================================
Received Import Request.
  Time since last request: 0.000023 seconds.
  path: Assets/Low Poly Fire/Prefabs/Pink-FireWood.prefab
  artifactKey: Guid(cfd52433c2081db47b83623fd9394d6f) Importer(815301076,1909f56bfc062723c751e8b465ee728b)
Start importing Assets/Low Poly Fire/Prefabs/Pink-FireWood.prefab using Guid(cfd52433c2081db47b83623fd9394d6f) Importer(815301076,1909f56bfc062723c751e8b465ee728b)  -> (artifact id: '40397bc3832dee771ea6571f2f534745') in 0.048598 seconds 
========================================================================
Received Import Request.
  Time since last request: 0.000021 seconds.
  path: Assets/Acorn Bringer Assets/Simplistic Low Poly Nature/Prefabs/SCharacter_Turtle.prefab
  artifactKey: Guid(d2d67fda15fa26342932fffde03aeb05) Importer(815301076,1909f56bfc062723c751e8b465ee728b)
Start importing Assets/Acorn Bringer Assets/Simplistic Low Poly Nature/Prefabs/SCharacter_Turtle.prefab using Guid(d2d67fda15fa26342932fffde03aeb05) Importer(815301076,1909f56bfc062723c751e8b465ee728b)  -> (artifact id: '9a6c07005de3de0ec7121f92b9051f9a') in 0.012689 seconds 
========================================================================
Received Import Request.
  Time since last request: 0.000018 seconds.
  path: Assets/Low Poly Fire/Prefabs/Purple-FireWood.prefab
  artifactKey: Guid(effaaa665bce18747b546d1bc5c10965) Importer(815301076,1909f56bfc062723c751e8b465ee728b)
Start importing Assets/Low Poly Fire/Prefabs/Purple-FireWood.prefab using Guid(effaaa665bce18747b546d1bc5c10965) Importer(815301076,1909f56bfc062723c751e8b465ee728b)  -> (artifact id: 'e0a7b7a331a6d79d29dc3d20a725dbc9') in 0.013524 seconds 
========================================================================
Received Import Request.
  Time since last request: 0.000020 seconds.
  path: Assets/Acorn Bringer Assets/Simplistic Low Poly Nature/Prefabs/SCharacter_Butterfly.prefab
  artifactKey: Guid(18b8af6b3106d4940a5e534dc18c0344) Importer(815301076,1909f56bfc062723c751e8b465ee728b)
Start importing Assets/Acorn Bringer Assets/Simplistic Low Poly Nature/Prefabs/SCharacter_Butterfly.prefab using Guid(18b8af6b3106d4940a5e534dc18c0344) Importer(815301076,1909f56bfc062723c751e8b465ee728b)  -> (artifact id: '03c890f532563686daa7d487940cd6a8') in 0.012313 seconds 
========================================================================
Received Import Request.
  Time since last request: 0.000026 seconds.
  path: Assets/RPG Monster DUO PBR Polyart/Prefabs/PolyartDefault/SlimePolyart.prefab
  artifactKey: Guid(a4ec793513574cd49719c4055b630e2b) Importer(815301076,1909f56bfc062723c751e8b465ee728b)
Start importing Assets/RPG Monster DUO PBR Polyart/Prefabs/PolyartDefault/SlimePolyart.prefab using Guid(a4ec793513574cd49719c4055b630e2b) Importer(815301076,1909f56bfc062723c751e8b465ee728b)  -> (artifact id: '188328eb10d8efb740478fb6fae2878a') in 0.052014 seconds 
========================================================================
Received Import Request.
  Time since last request: 0.000019 seconds.
  path: Assets/Acorn Bringer Assets/Simplistic Low Poly Nature/Prefabs/SCharacter_Squirrel.prefab
  artifactKey: Guid(4a7d6cee9f1328e468c9f485779e2c20) Importer(815301076,1909f56bfc062723c751e8b465ee728b)
Start importing Assets/Acorn Bringer Assets/Simplistic Low Poly Nature/Prefabs/SCharacter_Squirrel.prefab using Guid(4a7d6cee9f1328e468c9f485779e2c20) Importer(815301076,1909f56bfc062723c751e8b465ee728b)  -> (artifact id: '5ba46c57b30697e7e4cf76a2237db11e') in 0.013083 seconds 
========================================================================
Received Import Request.
  Time since last request: 0.000018 seconds.
  path: Assets/RPG Monster DUO PBR Polyart/Prefabs/PBRDefault/SlimePBR.prefab
  artifactKey: Guid(928a1377c1cd4515b208fef3a396b8ea) Importer(815301076,1909f56bfc062723c751e8b465ee728b)
Start importing Assets/RPG Monster DUO PBR Polyart/Prefabs/PBRDefault/SlimePBR.prefab using Guid(928a1377c1cd4515b208fef3a396b8ea) Importer(815301076,1909f56bfc062723c751e8b465ee728b)  -> (artifact id: '4d61e549465981062fb7a8d15fef20ce') in 0.027515 seconds 
========================================================================
Received Import Request.
  Time since last request: 0.000019 seconds.
  path: Assets/Acorn Bringer Assets/Simplistic Low Poly Nature/Prefabs/SCharacter_Fish.prefab
  artifactKey: Guid(925bc3fd925fd0c4c80d7e83b67ba239) Importer(815301076,1909f56bfc062723c751e8b465ee728b)
Start importing Assets/Acorn Bringer Assets/Simplistic Low Poly Nature/Prefabs/SCharacter_Fish.prefab using Guid(925bc3fd925fd0c4c80d7e83b67ba239) Importer(815301076,1909f56bfc062723c751e8b465ee728b)  -> (artifact id: 'cbb3b8870cf19a012e0db5340a2e4a76') in 0.012086 seconds 
========================================================================
Received Import Request.
  Time since last request: 0.000029 seconds.
  path: Assets/Acorn Bringer Assets/Simplistic Low Poly Nature/Prefabs/SCharacter_Bird2.prefab
  artifactKey: Guid(6d8c53370341c254eb80f72f77a48dab) Importer(815301076,1909f56bfc062723c751e8b465ee728b)
Start importing Assets/Acorn Bringer Assets/Simplistic Low Poly Nature/Prefabs/SCharacter_Bird2.prefab using Guid(6d8c53370341c254eb80f72f77a48dab) Importer(815301076,1909f56bfc062723c751e8b465ee728b)  -> (artifact id: '7541bbd2303b7547d5ce287a6d0b0f00') in 0.014623 seconds 
========================================================================
Received Import Request.
  Time since last request: 0.000019 seconds.
  path: Assets/Acorn Bringer Assets/Simplistic Low Poly Nature/Prefabs/SCharacter_Bird1.prefab
  artifactKey: Guid(22e82e37709fde34fb65a2fd28fbfb05) Importer(815301076,1909f56bfc062723c751e8b465ee728b)
Start importing Assets/Acorn Bringer Assets/Simplistic Low Poly Nature/Prefabs/SCharacter_Bird1.prefab using Guid(22e82e37709fde34fb65a2fd28fbfb05) Importer(815301076,1909f56bfc062723c751e8b465ee728b)  -> (artifact id: '2071c8c8678758de6de79c6741275f8a') in 0.016792 seconds 
Editor requested this worker to shutdown with reason: Scaling down because of idle timeout
AssetImportWorker is now disconnected from the server
Process exiting
Exiting without the bug reporter. Application will terminate with return code 0